<?xml version="1.0" encoding="UTF-8"?>
<testng-results skipped="0" failed="0" total="53" passed="53">
  <reporter-output>
  </reporter-output>
  <suite name="Default suite" duration-ms="499" started-at="2017-06-28T22:26:10Z" finished-at="2017-06-28T22:26:11Z">
    <groups>
    </groups>
    <test name="Default test" duration-ms="499" started-at="2017-06-28T22:26:10Z" finished-at="2017-06-28T22:26:11Z">
      <class name="raysullivan.unitTest.TestAdEncryptDecrypt">
        <test-method status="PASS" signature="decryptString(java.lang.String, java.lang.String, java.lang.String)[pri:0, instance:raysullivan.unitTest.TestAdEncryptDecrypt@7d9d1a19]" name="decryptString" duration-ms="282" started-at="2017-06-28T16:26:10Z" description="decryptString" data-provider="decryptValues" finished-at="2017-06-28T16:26:10Z">
          <params>
            <param index="0">
              <value>
                <![CDATA[ieKkIwygTyBf63mi62KD7w==]]>
              </value>
            </param>
            <param index="1">
              <value>
                <![CDATA[automationDriver]]>
              </value>
            </param>
            <param index="2">
              <value>
                <![CDATA[Welcome1]]>
              </value>
            </param>
          </params>
          <reporter-output>
          </reporter-output>
        </test-method> <!-- decryptString -->
        <test-method status="PASS" signature="decryptString(java.lang.String, java.lang.String, java.lang.String)[pri:0, instance:raysullivan.unitTest.TestAdEncryptDecrypt@7d9d1a19]" name="decryptString" duration-ms="1" started-at="2017-06-28T16:26:10Z" description="decryptString" data-provider="decryptValues" finished-at="2017-06-28T16:26:10Z">
          <params>
            <param index="0">
              <value>
                <![CDATA[UTrj43lAOWmZjXaqGaKnBg==]]>
              </value>
            </param>
            <param index="1">
              <value>
                <![CDATA[MerryChristmas!#]]>
              </value>
            </param>
            <param index="2">
              <value>
                <![CDATA[Welcome1]]>
              </value>
            </param>
          </params>
          <reporter-output>
          </reporter-output>
        </test-method> <!-- decryptString -->
        <test-method status="PASS" signature="decryptString(java.lang.String, java.lang.String, java.lang.String)[pri:0, instance:raysullivan.unitTest.TestAdEncryptDecrypt@7d9d1a19]" name="decryptString" duration-ms="1" started-at="2017-06-28T16:26:10Z" description="decryptString" data-provider="decryptValues" finished-at="2017-06-28T16:26:10Z">
          <params>
            <param index="0">
              <value>
                <![CDATA[tNs3FeJl0BYnShvQl0fqvA==]]>
              </value>
            </param>
            <param index="1">
              <value>
                <![CDATA[MerryChristmas!#]]>
              </value>
            </param>
            <param index="2">
              <value>
                <![CDATA[Welcome2]]>
              </value>
            </param>
          </params>
          <reporter-output>
          </reporter-output>
        </test-method> <!-- decryptString -->
        <test-method status="PASS" signature="decryptString(java.lang.String, java.lang.String, java.lang.String)[pri:0, instance:raysullivan.unitTest.TestAdEncryptDecrypt@7d9d1a19]" name="decryptString" duration-ms="1" started-at="2017-06-28T16:26:10Z" description="decryptString" data-provider="decryptValues" finished-at="2017-06-28T16:26:10Z">
          <params>
            <param index="0">
              <value>
                <![CDATA[YtPA1/s+SdGJSKNeq5EjSA==]]>
              </value>
            </param>
            <param index="1">
              <value>
                <![CDATA[automationDriver]]>
              </value>
            </param>
            <param index="2">
              <value>
                <![CDATA[DoTheTwist]]>
              </value>
            </param>
          </params>
          <reporter-output>
          </reporter-output>
        </test-method> <!-- decryptString -->
        <test-method status="PASS" signature="decryptString(java.lang.String, java.lang.String, java.lang.String)[pri:0, instance:raysullivan.unitTest.TestAdEncryptDecrypt@7d9d1a19]" name="decryptString" duration-ms="1" started-at="2017-06-28T16:26:10Z" description="decryptString" data-provider="decryptValues" finished-at="2017-06-28T16:26:10Z">
          <params>
            <param index="0">
              <value>
                <![CDATA[4QUUgpWUehdpYUKU2U8xZA==]]>
              </value>
            </param>
            <param index="1">
              <value>
                <![CDATA[BaseballNational]]>
              </value>
            </param>
            <param index="2">
              <value>
                <![CDATA[Welcome2]]>
              </value>
            </param>
          </params>
          <reporter-output>
          </reporter-output>
        </test-method> <!-- decryptString -->
        <test-method status="PASS" signature="decryptString(java.lang.String, java.lang.String, java.lang.String)[pri:0, instance:raysullivan.unitTest.TestAdEncryptDecrypt@7d9d1a19]" name="decryptString" duration-ms="0" started-at="2017-06-28T16:26:10Z" description="decryptString" data-provider="decryptValues" finished-at="2017-06-28T16:26:10Z">
          <params>
            <param index="0">
              <value>
                <![CDATA[3t0JHljez4OIHnou97KwVw==]]>
              </value>
            </param>
            <param index="1">
              <value>
                <![CDATA[BaseballNational]]>
              </value>
            </param>
            <param index="2">
              <value>
                <![CDATA[]]>
              </value>
            </param>
          </params>
          <reporter-output>
          </reporter-output>
        </test-method> <!-- decryptString -->
        <test-method status="PASS" signature="decryptString(java.lang.String, java.lang.String, java.lang.String)[pri:0, instance:raysullivan.unitTest.TestAdEncryptDecrypt@7d9d1a19]" name="decryptString" duration-ms="1" started-at="2017-06-28T16:26:10Z" description="decryptString" data-provider="decryptValues" finished-at="2017-06-28T16:26:10Z">
          <params>
            <param index="0">
              <value>
                <![CDATA[UbvSbIXxhSqpFp895+teXA==]]>
              </value>
            </param>
            <param index="1">
              <value>
                <![CDATA[automationDriver]]>
              </value>
            </param>
            <param index="2">
              <value>
                <![CDATA[Trummino65]]>
              </value>
            </param>
          </params>
          <reporter-output>
          </reporter-output>
        </test-method> <!-- decryptString -->
        <test-method status="PASS" signature="decryptString(java.lang.String, java.lang.String, java.lang.String)[pri:0, instance:raysullivan.unitTest.TestAdEncryptDecrypt@7d9d1a19]" name="decryptString" duration-ms="1" started-at="2017-06-28T16:26:10Z" description="decryptString" data-provider="decryptValues" finished-at="2017-06-28T16:26:10Z">
          <params>
            <param index="0">
              <value>
                <![CDATA[A0TEWyN1ibkJ/1uMJ9BkqKrJfTPpnaEsgnz7sygQyl2IOHdXkeBk9Cz47ciwkekp5x8WYr+7cvDiphPAB7Sm3s5Q7fgt/5Sj3Xsp+PbE/MT43uiL2aWE6msoHnJk4JwWnSt5wYrtwtOEw07vBSDMlg==]]>
              </value>
            </param>
            <param index="1">
              <value>
                <![CDATA[automationDriver]]>
              </value>
            </param>
            <param index="2">
              <value>
                <![CDATA[Incredibly Long Text String with blanks and other stuff like special characters !@#$%^&*()+_|{}[]:<>,./?]]>
              </value>
            </param>
          </params>
          <reporter-output>
          </reporter-output>
        </test-method> <!-- decryptString -->
        <test-method status="PASS" signature="decryptString(java.lang.String, java.lang.String, java.lang.String)[pri:0, instance:raysullivan.unitTest.TestAdEncryptDecrypt@7d9d1a19]" name="decryptString" duration-ms="0" started-at="2017-06-28T16:26:10Z" description="decryptString" data-provider="decryptValues" finished-at="2017-06-28T16:26:10Z">
          <params>
            <param index="0">
              <value>
                <![CDATA[]]>
              </value>
            </param>
            <param index="1">
              <value>
                <![CDATA[automationDriver]]>
              </value>
            </param>
            <param index="2">
              <value>
                <![CDATA[]]>
              </value>
            </param>
          </params>
          <reporter-output>
          </reporter-output>
        </test-method> <!-- decryptString -->
        <test-method status="PASS" signature="decryptStringBad(java.lang.String, java.lang.String, java.lang.String)[pri:0, instance:raysullivan.unitTest.TestAdEncryptDecrypt@7d9d1a19]" name="decryptStringBad" duration-ms="2" started-at="2017-06-28T16:26:10Z" description="decryptStringInvalid" data-provider="decryptValuesInvalid" finished-at="2017-06-28T16:26:10Z">
          <params>
            <param index="0">
              <value>
                <![CDATA[ieKkIwygTyBf63mi62KD7w==]]>
              </value>
            </param>
            <param index="1">
              <value>
                <![CDATA[automationDriver]]>
              </value>
            </param>
            <param index="2">
              <value>
                <![CDATA[Welcome2]]>
              </value>
            </param>
          </params>
          <reporter-output>
          </reporter-output>
        </test-method> <!-- decryptStringBad -->
        <test-method status="PASS" signature="decryptStringBad(java.lang.String, java.lang.String, java.lang.String)[pri:0, instance:raysullivan.unitTest.TestAdEncryptDecrypt@7d9d1a19]" name="decryptStringBad" duration-ms="0" started-at="2017-06-28T16:26:10Z" description="decryptStringInvalid" data-provider="decryptValuesInvalid" finished-at="2017-06-28T16:26:10Z">
          <params>
            <param index="0">
              <value>
                <![CDATA[UTrj43lAOWmZjXaqGaKnBg==]]>
              </value>
            </param>
            <param index="1">
              <value>
                <![CDATA[MerryChristmas!#]]>
              </value>
            </param>
            <param index="2">
              <value>
                <![CDATA[Welcome2]]>
              </value>
            </param>
          </params>
          <reporter-output>
          </reporter-output>
        </test-method> <!-- decryptStringBad -->
        <test-method status="PASS" signature="decryptStringBad(java.lang.String, java.lang.String, java.lang.String)[pri:0, instance:raysullivan.unitTest.TestAdEncryptDecrypt@7d9d1a19]" name="decryptStringBad" duration-ms="1" started-at="2017-06-28T16:26:10Z" description="decryptStringInvalid" data-provider="decryptValuesInvalid" finished-at="2017-06-28T16:26:10Z">
          <params>
            <param index="0">
              <value>
                <![CDATA[tNs3FeJl0BYnShvQl0fqvA==]]>
              </value>
            </param>
            <param index="1">
              <value>
                <![CDATA[MerryChristmas!#]]>
              </value>
            </param>
            <param index="2">
              <value>
                <![CDATA[Welcome1]]>
              </value>
            </param>
          </params>
          <reporter-output>
          </reporter-output>
        </test-method> <!-- decryptStringBad -->
        <test-method status="PASS" signature="decryptStringBad(java.lang.String, java.lang.String, java.lang.String)[pri:0, instance:raysullivan.unitTest.TestAdEncryptDecrypt@7d9d1a19]" name="decryptStringBad" duration-ms="1" started-at="2017-06-28T16:26:10Z" description="decryptStringInvalid" data-provider="decryptValuesInvalid" finished-at="2017-06-28T16:26:10Z">
          <params>
            <param index="0">
              <value>
                <![CDATA[YtPA1/s+SdGJSKNeq5EjSA==]]>
              </value>
            </param>
            <param index="1">
              <value>
                <![CDATA[automationDriver]]>
              </value>
            </param>
            <param index="2">
              <value>
                <![CDATA[DontDoTheTwist]]>
              </value>
            </param>
          </params>
          <reporter-output>
          </reporter-output>
        </test-method> <!-- decryptStringBad -->
        <test-method status="PASS" signature="decryptStringBad(java.lang.String, java.lang.String, java.lang.String)[pri:0, instance:raysullivan.unitTest.TestAdEncryptDecrypt@7d9d1a19]" name="decryptStringBad" duration-ms="1" started-at="2017-06-28T16:26:10Z" description="decryptStringInvalid" data-provider="decryptValuesInvalid" finished-at="2017-06-28T16:26:10Z">
          <params>
            <param index="0">
              <value>
                <![CDATA[4QUUgpWUehdpYUKU2U8xZA==]]>
              </value>
            </param>
            <param index="1">
              <value>
                <![CDATA[BaseballNational]]>
              </value>
            </param>
            <param index="2">
              <value>
                <![CDATA[Welcome1]]>
              </value>
            </param>
          </params>
          <reporter-output>
          </reporter-output>
        </test-method> <!-- decryptStringBad -->
        <test-method status="PASS" signature="decryptStringBad(java.lang.String, java.lang.String, java.lang.String)[pri:0, instance:raysullivan.unitTest.TestAdEncryptDecrypt@7d9d1a19]" name="decryptStringBad" duration-ms="1" started-at="2017-06-28T16:26:10Z" description="decryptStringInvalid" data-provider="decryptValuesInvalid" finished-at="2017-06-28T16:26:10Z">
          <params>
            <param index="0">
              <value>
                <![CDATA[3t0JHljez4OIHnou97KwVw==]]>
              </value>
            </param>
            <param index="1">
              <value>
                <![CDATA[BaseballNational]]>
              </value>
            </param>
            <param index="2">
              <value>
                <![CDATA[Merry Christmas]]>
              </value>
            </param>
          </params>
          <reporter-output>
          </reporter-output>
        </test-method> <!-- decryptStringBad -->
        <test-method status="PASS" signature="decryptStringBad(java.lang.String, java.lang.String, java.lang.String)[pri:0, instance:raysullivan.unitTest.TestAdEncryptDecrypt@7d9d1a19]" name="decryptStringBad" duration-ms="1" started-at="2017-06-28T16:26:10Z" description="decryptStringInvalid" data-provider="decryptValuesInvalid" finished-at="2017-06-28T16:26:10Z">
          <params>
            <param index="0">
              <value>
                <![CDATA[3t0JHljez4OIHnou97KwVw==]]>
              </value>
            </param>
            <param index="1">
              <value>
                <![CDATA[BaseballNational]]>
              </value>
            </param>
            <param index="2">
              <value is-null="true"/>
            </param>
          </params>
          <reporter-output>
          </reporter-output>
        </test-method> <!-- decryptStringBad -->
        <test-method status="PASS" signature="decryptStringBad(java.lang.String, java.lang.String, java.lang.String)[pri:0, instance:raysullivan.unitTest.TestAdEncryptDecrypt@7d9d1a19]" name="decryptStringBad" duration-ms="1" started-at="2017-06-28T16:26:10Z" description="decryptStringInvalid" data-provider="decryptValuesInvalid" finished-at="2017-06-28T16:26:10Z">
          <params>
            <param index="0">
              <value>
                <![CDATA[A0TEWyN1ibkJ/1uMJ9BkqKrJfTPpnaEsgnz7sygQyl2IOHdXkeBk9Cz47ciwkekp5x8WYr+7cvDiphPAB7Sm3s5Q7fgt/5Sj3Xsp+PbE/MT43uiL2aWE6msoHnJk4JwWnSt5wYrtwtOEw07vBSDMlg==]]>
              </value>
            </param>
            <param index="1">
              <value>
                <![CDATA[automationDriver]]>
              </value>
            </param>
            <param index="2">
              <value>
                <![CDATA[Incrediblyy Long Text String with blanks and other stuff like special characters !@#$%^&*()+_|{}[]:<>,./?]]>
              </value>
            </param>
          </params>
          <reporter-output>
          </reporter-output>
        </test-method> <!-- decryptStringBad -->
        <test-method status="PASS" signature="decryptStringBad(java.lang.String, java.lang.String, java.lang.String)[pri:0, instance:raysullivan.unitTest.TestAdEncryptDecrypt@7d9d1a19]" name="decryptStringBad" duration-ms="1" started-at="2017-06-28T16:26:10Z" description="decryptStringInvalid" data-provider="decryptValuesInvalid" finished-at="2017-06-28T16:26:10Z">
          <params>
            <param index="0">
              <value>
                <![CDATA[]]>
              </value>
            </param>
            <param index="1">
              <value>
                <![CDATA[automationDriver]]>
              </value>
            </param>
            <param index="2">
              <value>
                <![CDATA[Welcome1]]>
              </value>
            </param>
          </params>
          <reporter-output>
          </reporter-output>
        </test-method> <!-- decryptStringBad -->
        <test-method status="PASS" signature="decryptStringExceptions(java.lang.String, java.lang.String, java.lang.String)[pri:0, instance:raysullivan.unitTest.TestAdEncryptDecrypt@7d9d1a19]" name="decryptStringExceptions" duration-ms="2" started-at="2017-06-28T16:26:10Z" description="decryptStringExceptions" data-provider="decryptValuesExceptions" finished-at="2017-06-28T16:26:10Z">
          <params>
            <param index="0">
              <value is-null="true"/>
            </param>
            <param index="1">
              <value>
                <![CDATA[automationDriver]]>
              </value>
            </param>
            <param index="2">
              <value>
                <![CDATA[Welcome1]]>
              </value>
            </param>
          </params>
          <exception class="raysullivan.operation.AdException">
            <message>
              <![CDATA[Error:  String to decrypt is not a valid AES cipher.]]>
            </message>
            <full-stacktrace>
              <![CDATA[raysullivan.operation.AdException: Error:  String to decrypt is not a valid AES cipher.
	at raysullivan.operation.AdEncryptDecrypt.decrypt(AdEncryptDecrypt.java:70)
	at raysullivan.unitTest.TestAdEncryptDecrypt.decryptStringExceptions(TestAdEncryptDecrypt.java:39)
	at sun.reflect.NativeMethodAccessorImpl.invoke0(Native Method)
	at sun.reflect.NativeMethodAccessorImpl.invoke(Unknown Source)
	at sun.reflect.DelegatingMethodAccessorImpl.invoke(Unknown Source)
	at java.lang.reflect.Method.invoke(Unknown Source)
	at org.testng.internal.MethodInvocationHelper.invokeMethod(MethodInvocationHelper.java:80)
	at org.testng.internal.Invoker.invokeMethod(Invoker.java:714)
	at org.testng.internal.Invoker.invokeTestMethod(Invoker.java:901)
	at org.testng.internal.Invoker.invokeTestMethods(Invoker.java:1231)
	at org.testng.internal.TestMethodWorker.invokeTestMethods(TestMethodWorker.java:127)
	at org.testng.internal.TestMethodWorker.run(TestMethodWorker.java:111)
	at org.testng.TestRunner.privateRun(TestRunner.java:767)
	at org.testng.TestRunner.run(TestRunner.java:617)
	at org.testng.SuiteRunner.runTest(SuiteRunner.java:334)
	at org.testng.SuiteRunner.runSequentially(SuiteRunner.java:329)
	at org.testng.SuiteRunner.privateRun(SuiteRunner.java:291)
	at org.testng.SuiteRunner.run(SuiteRunner.java:240)
	at org.testng.SuiteRunnerWorker.runSuite(SuiteRunnerWorker.java:52)
	at org.testng.SuiteRunnerWorker.run(SuiteRunnerWorker.java:86)
	at org.testng.TestNG.runSuitesSequentially(TestNG.java:1198)
	at org.testng.TestNG.runSuitesLocally(TestNG.java:1123)
	at org.testng.TestNG.run(TestNG.java:1031)
	at org.testng.remote.AbstractRemoteTestNG.run(AbstractRemoteTestNG.java:132)
	at org.testng.remote.RemoteTestNG.initAndRun(RemoteTestNG.java:230)
	at org.testng.remote.RemoteTestNG.main(RemoteTestNG.java:76)
]]>
            </full-stacktrace>
          </exception> <!-- raysullivan.operation.AdException -->
          <reporter-output>
          </reporter-output>
        </test-method> <!-- decryptStringExceptions -->
        <test-method status="PASS" signature="decryptStringExceptions(java.lang.String, java.lang.String, java.lang.String)[pri:0, instance:raysullivan.unitTest.TestAdEncryptDecrypt@7d9d1a19]" name="decryptStringExceptions" duration-ms="4" started-at="2017-06-28T16:26:10Z" description="decryptStringExceptions" data-provider="decryptValuesExceptions" finished-at="2017-06-28T16:26:10Z">
          <params>
            <param index="0">
              <value>
                <![CDATA[ieKkIwygTyBf63mi62KD7w==]]>
              </value>
            </param>
            <param index="1">
              <value>
                <![CDATA[]]>
              </value>
            </param>
            <param index="2">
              <value>
                <![CDATA[Welcome1]]>
              </value>
            </param>
          </params>
          <exception class="raysullivan.operation.AdException">
            <message>
              <![CDATA[IllegalArgumentException:  Encrypt/decrypt keystring cannot be null or blank]]>
            </message>
            <full-stacktrace>
              <![CDATA[raysullivan.operation.AdException: IllegalArgumentException:  Encrypt/decrypt keystring cannot be null or blank
	at raysullivan.operation.AdEncryptDecrypt.generateKey(AdEncryptDecrypt.java:17)
	at raysullivan.operation.AdEncryptDecrypt.decrypt(AdEncryptDecrypt.java:52)
	at raysullivan.unitTest.TestAdEncryptDecrypt.decryptStringExceptions(TestAdEncryptDecrypt.java:39)
	at sun.reflect.NativeMethodAccessorImpl.invoke0(Native Method)
	at sun.reflect.NativeMethodAccessorImpl.invoke(Unknown Source)
	at sun.reflect.DelegatingMethodAccessorImpl.invoke(Unknown Source)
	at java.lang.reflect.Method.invoke(Unknown Source)
	at org.testng.internal.MethodInvocationHelper.invokeMethod(MethodInvocationHelper.java:80)
	at org.testng.internal.Invoker.invokeMethod(Invoker.java:714)
	at org.testng.internal.Invoker.invokeTestMethod(Invoker.java:901)
	at org.testng.internal.Invoker.invokeTestMethods(Invoker.java:1231)
	at org.testng.internal.TestMethodWorker.invokeTestMethods(TestMethodWorker.java:127)
	at org.testng.internal.TestMethodWorker.run(TestMethodWorker.java:111)
	at org.testng.TestRunner.privateRun(TestRunner.java:767)
	at org.testng.TestRunner.run(TestRunner.java:617)
	at org.testng.SuiteRunner.runTest(SuiteRunner.java:334)
	at org.testng.SuiteRunner.runSequentially(SuiteRunner.java:329)
	at org.testng.SuiteRunner.privateRun(SuiteRunner.java:291)
	at org.testng.SuiteRunner.run(SuiteRunner.java:240)
	at org.testng.SuiteRunnerWorker.runSuite(SuiteRunnerWorker.java:52)
	at org.testng.SuiteRunnerWorker.run(SuiteRunnerWorker.java:86)
	at org.testng.TestNG.runSuitesSequentially(TestNG.java:1198)
	at org.testng.TestNG.runSuitesLocally(TestNG.java:1123)
	at org.testng.TestNG.run(TestNG.java:1031)
	at org.testng.remote.AbstractRemoteTestNG.run(AbstractRemoteTestNG.java:132)
	at org.testng.remote.RemoteTestNG.initAndRun(RemoteTestNG.java:230)
	at org.testng.remote.RemoteTestNG.main(RemoteTestNG.java:76)
]]>
            </full-stacktrace>
          </exception> <!-- raysullivan.operation.AdException -->
          <reporter-output>
          </reporter-output>
        </test-method> <!-- decryptStringExceptions -->
        <test-method status="PASS" signature="decryptStringExceptions(java.lang.String, java.lang.String, java.lang.String)[pri:0, instance:raysullivan.unitTest.TestAdEncryptDecrypt@7d9d1a19]" name="decryptStringExceptions" duration-ms="1" started-at="2017-06-28T16:26:10Z" description="decryptStringExceptions" data-provider="decryptValuesExceptions" finished-at="2017-06-28T16:26:10Z">
          <params>
            <param index="0">
              <value>
                <![CDATA[ieKkIwygTyBf63mi62KD7w==]]>
              </value>
            </param>
            <param index="1">
              <value is-null="true"/>
            </param>
            <param index="2">
              <value>
                <![CDATA[Welcome1]]>
              </value>
            </param>
          </params>
          <exception class="raysullivan.operation.AdException">
            <message>
              <![CDATA[NullPointerException:  Decrypt keystring cannot be null or blank]]>
            </message>
            <full-stacktrace>
              <![CDATA[raysullivan.operation.AdException: NullPointerException:  Decrypt keystring cannot be null or blank
	at raysullivan.operation.AdEncryptDecrypt.decrypt(AdEncryptDecrypt.java:56)
	at raysullivan.unitTest.TestAdEncryptDecrypt.decryptStringExceptions(TestAdEncryptDecrypt.java:39)
	at sun.reflect.NativeMethodAccessorImpl.invoke0(Native Method)
	at sun.reflect.NativeMethodAccessorImpl.invoke(Unknown Source)
	at sun.reflect.DelegatingMethodAccessorImpl.invoke(Unknown Source)
	at java.lang.reflect.Method.invoke(Unknown Source)
	at org.testng.internal.MethodInvocationHelper.invokeMethod(MethodInvocationHelper.java:80)
	at org.testng.internal.Invoker.invokeMethod(Invoker.java:714)
	at org.testng.internal.Invoker.invokeTestMethod(Invoker.java:901)
	at org.testng.internal.Invoker.invokeTestMethods(Invoker.java:1231)
	at org.testng.internal.TestMethodWorker.invokeTestMethods(TestMethodWorker.java:127)
	at org.testng.internal.TestMethodWorker.run(TestMethodWorker.java:111)
	at org.testng.TestRunner.privateRun(TestRunner.java:767)
	at org.testng.TestRunner.run(TestRunner.java:617)
	at org.testng.SuiteRunner.runTest(SuiteRunner.java:334)
	at org.testng.SuiteRunner.runSequentially(SuiteRunner.java:329)
	at org.testng.SuiteRunner.privateRun(SuiteRunner.java:291)
	at org.testng.SuiteRunner.run(SuiteRunner.java:240)
	at org.testng.SuiteRunnerWorker.runSuite(SuiteRunnerWorker.java:52)
	at org.testng.SuiteRunnerWorker.run(SuiteRunnerWorker.java:86)
	at org.testng.TestNG.runSuitesSequentially(TestNG.java:1198)
	at org.testng.TestNG.runSuitesLocally(TestNG.java:1123)
	at org.testng.TestNG.run(TestNG.java:1031)
	at org.testng.remote.AbstractRemoteTestNG.run(AbstractRemoteTestNG.java:132)
	at org.testng.remote.RemoteTestNG.initAndRun(RemoteTestNG.java:230)
	at org.testng.remote.RemoteTestNG.main(RemoteTestNG.java:76)
]]>
            </full-stacktrace>
          </exception> <!-- raysullivan.operation.AdException -->
          <reporter-output>
          </reporter-output>
        </test-method> <!-- decryptStringExceptions -->
        <test-method status="PASS" signature="decryptStringExceptions(java.lang.String, java.lang.String, java.lang.String)[pri:0, instance:raysullivan.unitTest.TestAdEncryptDecrypt@7d9d1a19]" name="decryptStringExceptions" duration-ms="67" started-at="2017-06-28T16:26:10Z" description="decryptStringExceptions" data-provider="decryptValuesExceptions" finished-at="2017-06-28T16:26:10Z">
          <params>
            <param index="0">
              <value>
                <![CDATA[ieKkIwygTyBf63mi62KD7w==]]>
              </value>
            </param>
            <param index="1">
              <value>
                <![CDATA[MerryChristmas!]]>
              </value>
            </param>
            <param index="2">
              <value>
                <![CDATA[Welcome1]]>
              </value>
            </param>
          </params>
          <exception class="raysullivan.operation.AdException">
            <message>
              <![CDATA[InvalidKeyException:  Decrypt keystring must be 16 characters; keystring length of 15 is invalid.  Keystring: MerryChristmas!]]>
            </message>
            <full-stacktrace>
              <![CDATA[raysullivan.operation.AdException: InvalidKeyException:  Decrypt keystring must be 16 characters; keystring length of 15 is invalid.  Keystring: MerryChristmas!
	at raysullivan.operation.AdEncryptDecrypt.decrypt(AdEncryptDecrypt.java:58)
	at raysullivan.unitTest.TestAdEncryptDecrypt.decryptStringExceptions(TestAdEncryptDecrypt.java:39)
	at sun.reflect.NativeMethodAccessorImpl.invoke0(Native Method)
	at sun.reflect.NativeMethodAccessorImpl.invoke(Unknown Source)
	at sun.reflect.DelegatingMethodAccessorImpl.invoke(Unknown Source)
	at java.lang.reflect.Method.invoke(Unknown Source)
	at org.testng.internal.MethodInvocationHelper.invokeMethod(MethodInvocationHelper.java:80)
	at org.testng.internal.Invoker.invokeMethod(Invoker.java:714)
	at org.testng.internal.Invoker.invokeTestMethod(Invoker.java:901)
	at org.testng.internal.Invoker.invokeTestMethods(Invoker.java:1231)
	at org.testng.internal.TestMethodWorker.invokeTestMethods(TestMethodWorker.java:127)
	at org.testng.internal.TestMethodWorker.run(TestMethodWorker.java:111)
	at org.testng.TestRunner.privateRun(TestRunner.java:767)
	at org.testng.TestRunner.run(TestRunner.java:617)
	at org.testng.SuiteRunner.runTest(SuiteRunner.java:334)
	at org.testng.SuiteRunner.runSequentially(SuiteRunner.java:329)
	at org.testng.SuiteRunner.privateRun(SuiteRunner.java:291)
	at org.testng.SuiteRunner.run(SuiteRunner.java:240)
	at org.testng.SuiteRunnerWorker.runSuite(SuiteRunnerWorker.java:52)
	at org.testng.SuiteRunnerWorker.run(SuiteRunnerWorker.java:86)
	at org.testng.TestNG.runSuitesSequentially(TestNG.java:1198)
	at org.testng.TestNG.runSuitesLocally(TestNG.java:1123)
	at org.testng.TestNG.run(TestNG.java:1031)
	at org.testng.remote.AbstractRemoteTestNG.run(AbstractRemoteTestNG.java:132)
	at org.testng.remote.RemoteTestNG.initAndRun(RemoteTestNG.java:230)
	at org.testng.remote.RemoteTestNG.main(RemoteTestNG.java:76)
]]>
            </full-stacktrace>
          </exception> <!-- raysullivan.operation.AdException -->
          <reporter-output>
          </reporter-output>
        </test-method> <!-- decryptStringExceptions -->
        <test-method status="PASS" signature="decryptStringExceptions(java.lang.String, java.lang.String, java.lang.String)[pri:0, instance:raysullivan.unitTest.TestAdEncryptDecrypt@7d9d1a19]" name="decryptStringExceptions" duration-ms="3" started-at="2017-06-28T16:26:11Z" description="decryptStringExceptions" data-provider="decryptValuesExceptions" finished-at="2017-06-28T16:26:11Z">
          <params>
            <param index="0">
              <value>
                <![CDATA[ieKkIwygTyBf63mi62KD7w==]]>
              </value>
            </param>
            <param index="1">
              <value>
                <![CDATA[MerryChristmas!#Today]]>
              </value>
            </param>
            <param index="2">
              <value>
                <![CDATA[Welcome1]]>
              </value>
            </param>
          </params>
          <exception class="raysullivan.operation.AdException">
            <message>
              <![CDATA[InvalidKeyException:  Decrypt keystring must be 16 characters; keystring length of 21 is invalid.  Keystring: MerryChristmas!#Today]]>
            </message>
            <full-stacktrace>
              <![CDATA[raysullivan.operation.AdException: InvalidKeyException:  Decrypt keystring must be 16 characters; keystring length of 21 is invalid.  Keystring: MerryChristmas!#Today
	at raysullivan.operation.AdEncryptDecrypt.decrypt(AdEncryptDecrypt.java:58)
	at raysullivan.unitTest.TestAdEncryptDecrypt.decryptStringExceptions(TestAdEncryptDecrypt.java:39)
	at sun.reflect.NativeMethodAccessorImpl.invoke0(Native Method)
	at sun.reflect.NativeMethodAccessorImpl.invoke(Unknown Source)
	at sun.reflect.DelegatingMethodAccessorImpl.invoke(Unknown Source)
	at java.lang.reflect.Method.invoke(Unknown Source)
	at org.testng.internal.MethodInvocationHelper.invokeMethod(MethodInvocationHelper.java:80)
	at org.testng.internal.Invoker.invokeMethod(Invoker.java:714)
	at org.testng.internal.Invoker.invokeTestMethod(Invoker.java:901)
	at org.testng.internal.Invoker.invokeTestMethods(Invoker.java:1231)
	at org.testng.internal.TestMethodWorker.invokeTestMethods(TestMethodWorker.java:127)
	at org.testng.internal.TestMethodWorker.run(TestMethodWorker.java:111)
	at org.testng.TestRunner.privateRun(TestRunner.java:767)
	at org.testng.TestRunner.run(TestRunner.java:617)
	at org.testng.SuiteRunner.runTest(SuiteRunner.java:334)
	at org.testng.SuiteRunner.runSequentially(SuiteRunner.java:329)
	at org.testng.SuiteRunner.privateRun(SuiteRunner.java:291)
	at org.testng.SuiteRunner.run(SuiteRunner.java:240)
	at org.testng.SuiteRunnerWorker.runSuite(SuiteRunnerWorker.java:52)
	at org.testng.SuiteRunnerWorker.run(SuiteRunnerWorker.java:86)
	at org.testng.TestNG.runSuitesSequentially(TestNG.java:1198)
	at org.testng.TestNG.runSuitesLocally(TestNG.java:1123)
	at org.testng.TestNG.run(TestNG.java:1031)
	at org.testng.remote.AbstractRemoteTestNG.run(AbstractRemoteTestNG.java:132)
	at org.testng.remote.RemoteTestNG.initAndRun(RemoteTestNG.java:230)
	at org.testng.remote.RemoteTestNG.main(RemoteTestNG.java:76)
]]>
            </full-stacktrace>
          </exception> <!-- raysullivan.operation.AdException -->
          <reporter-output>
          </reporter-output>
        </test-method> <!-- decryptStringExceptions -->
        <test-method status="PASS" signature="decryptStringExceptions(java.lang.String, java.lang.String, java.lang.String)[pri:0, instance:raysullivan.unitTest.TestAdEncryptDecrypt@7d9d1a19]" name="decryptStringExceptions" duration-ms="1" started-at="2017-06-28T16:26:11Z" description="decryptStringExceptions" data-provider="decryptValuesExceptions" finished-at="2017-06-28T16:26:11Z">
          <params>
            <param index="0">
              <value>
                <![CDATA[ieKkIwygTyBf62mi62KD7w==]]>
              </value>
            </param>
            <param index="1">
              <value>
                <![CDATA[MerryChristmas!#Today]]>
              </value>
            </param>
            <param index="2">
              <value>
                <![CDATA[Welcome1]]>
              </value>
            </param>
          </params>
          <exception class="raysullivan.operation.AdException">
            <message>
              <![CDATA[InvalidKeyException:  Decrypt keystring must be 16 characters; keystring length of 21 is invalid.  Keystring: MerryChristmas!#Today]]>
            </message>
            <full-stacktrace>
              <![CDATA[raysullivan.operation.AdException: InvalidKeyException:  Decrypt keystring must be 16 characters; keystring length of 21 is invalid.  Keystring: MerryChristmas!#Today
	at raysullivan.operation.AdEncryptDecrypt.decrypt(AdEncryptDecrypt.java:58)
	at raysullivan.unitTest.TestAdEncryptDecrypt.decryptStringExceptions(TestAdEncryptDecrypt.java:39)
	at sun.reflect.NativeMethodAccessorImpl.invoke0(Native Method)
	at sun.reflect.NativeMethodAccessorImpl.invoke(Unknown Source)
	at sun.reflect.DelegatingMethodAccessorImpl.invoke(Unknown Source)
	at java.lang.reflect.Method.invoke(Unknown Source)
	at org.testng.internal.MethodInvocationHelper.invokeMethod(MethodInvocationHelper.java:80)
	at org.testng.internal.Invoker.invokeMethod(Invoker.java:714)
	at org.testng.internal.Invoker.invokeTestMethod(Invoker.java:901)
	at org.testng.internal.Invoker.invokeTestMethods(Invoker.java:1231)
	at org.testng.internal.TestMethodWorker.invokeTestMethods(TestMethodWorker.java:127)
	at org.testng.internal.TestMethodWorker.run(TestMethodWorker.java:111)
	at org.testng.TestRunner.privateRun(TestRunner.java:767)
	at org.testng.TestRunner.run(TestRunner.java:617)
	at org.testng.SuiteRunner.runTest(SuiteRunner.java:334)
	at org.testng.SuiteRunner.runSequentially(SuiteRunner.java:329)
	at org.testng.SuiteRunner.privateRun(SuiteRunner.java:291)
	at org.testng.SuiteRunner.run(SuiteRunner.java:240)
	at org.testng.SuiteRunnerWorker.runSuite(SuiteRunnerWorker.java:52)
	at org.testng.SuiteRunnerWorker.run(SuiteRunnerWorker.java:86)
	at org.testng.TestNG.runSuitesSequentially(TestNG.java:1198)
	at org.testng.TestNG.runSuitesLocally(TestNG.java:1123)
	at org.testng.TestNG.run(TestNG.java:1031)
	at org.testng.remote.AbstractRemoteTestNG.run(AbstractRemoteTestNG.java:132)
	at org.testng.remote.RemoteTestNG.initAndRun(RemoteTestNG.java:230)
	at org.testng.remote.RemoteTestNG.main(RemoteTestNG.java:76)
]]>
            </full-stacktrace>
          </exception> <!-- raysullivan.operation.AdException -->
          <reporter-output>
          </reporter-output>
        </test-method> <!-- decryptStringExceptions -->
        <test-method status="PASS" signature="decryptStringExceptions(java.lang.String, java.lang.String, java.lang.String)[pri:0, instance:raysullivan.unitTest.TestAdEncryptDecrypt@7d9d1a19]" name="decryptStringExceptions" duration-ms="1" started-at="2017-06-28T16:26:11Z" description="decryptStringExceptions" data-provider="decryptValuesExceptions" finished-at="2017-06-28T16:26:11Z">
          <params>
            <param index="0">
              <value>
                <![CDATA[]]>
              </value>
            </param>
            <param index="1">
              <value>
                <![CDATA[MerryChristmas!#Today]]>
              </value>
            </param>
            <param index="2">
              <value>
                <![CDATA[Welcome1]]>
              </value>
            </param>
          </params>
          <exception class="raysullivan.operation.AdException">
            <message>
              <![CDATA[InvalidKeyException:  Decrypt keystring must be 16 characters; keystring length of 21 is invalid.  Keystring: MerryChristmas!#Today]]>
            </message>
            <full-stacktrace>
              <![CDATA[raysullivan.operation.AdException: InvalidKeyException:  Decrypt keystring must be 16 characters; keystring length of 21 is invalid.  Keystring: MerryChristmas!#Today
	at raysullivan.operation.AdEncryptDecrypt.decrypt(AdEncryptDecrypt.java:58)
	at raysullivan.unitTest.TestAdEncryptDecrypt.decryptStringExceptions(TestAdEncryptDecrypt.java:39)
	at sun.reflect.NativeMethodAccessorImpl.invoke0(Native Method)
	at sun.reflect.NativeMethodAccessorImpl.invoke(Unknown Source)
	at sun.reflect.DelegatingMethodAccessorImpl.invoke(Unknown Source)
	at java.lang.reflect.Method.invoke(Unknown Source)
	at org.testng.internal.MethodInvocationHelper.invokeMethod(MethodInvocationHelper.java:80)
	at org.testng.internal.Invoker.invokeMethod(Invoker.java:714)
	at org.testng.internal.Invoker.invokeTestMethod(Invoker.java:901)
	at org.testng.internal.Invoker.invokeTestMethods(Invoker.java:1231)
	at org.testng.internal.TestMethodWorker.invokeTestMethods(TestMethodWorker.java:127)
	at org.testng.internal.TestMethodWorker.run(TestMethodWorker.java:111)
	at org.testng.TestRunner.privateRun(TestRunner.java:767)
	at org.testng.TestRunner.run(TestRunner.java:617)
	at org.testng.SuiteRunner.runTest(SuiteRunner.java:334)
	at org.testng.SuiteRunner.runSequentially(SuiteRunner.java:329)
	at org.testng.SuiteRunner.privateRun(SuiteRunner.java:291)
	at org.testng.SuiteRunner.run(SuiteRunner.java:240)
	at org.testng.SuiteRunnerWorker.runSuite(SuiteRunnerWorker.java:52)
	at org.testng.SuiteRunnerWorker.run(SuiteRunnerWorker.java:86)
	at org.testng.TestNG.runSuitesSequentially(TestNG.java:1198)
	at org.testng.TestNG.runSuitesLocally(TestNG.java:1123)
	at org.testng.TestNG.run(TestNG.java:1031)
	at org.testng.remote.AbstractRemoteTestNG.run(AbstractRemoteTestNG.java:132)
	at org.testng.remote.RemoteTestNG.initAndRun(RemoteTestNG.java:230)
	at org.testng.remote.RemoteTestNG.main(RemoteTestNG.java:76)
]]>
            </full-stacktrace>
          </exception> <!-- raysullivan.operation.AdException -->
          <reporter-output>
          </reporter-output>
        </test-method> <!-- decryptStringExceptions -->
        <test-method status="PASS" signature="decryptStringExceptions(java.lang.String, java.lang.String, java.lang.String)[pri:0, instance:raysullivan.unitTest.TestAdEncryptDecrypt@7d9d1a19]" name="decryptStringExceptions" duration-ms="0" started-at="2017-06-28T16:26:11Z" description="decryptStringExceptions" data-provider="decryptValuesExceptions" finished-at="2017-06-28T16:26:11Z">
          <params>
            <param index="0">
              <value>
                <![CDATA[ieKkIwygTyBf62mi62KD7w==]]>
              </value>
            </param>
            <param index="1">
              <value>
                <![CDATA[]]>
              </value>
            </param>
            <param index="2">
              <value>
                <![CDATA[Welcome1]]>
              </value>
            </param>
          </params>
          <exception class="raysullivan.operation.AdException">
            <message>
              <![CDATA[IllegalArgumentException:  Encrypt/decrypt keystring cannot be null or blank]]>
            </message>
            <full-stacktrace>
              <![CDATA[raysullivan.operation.AdException: IllegalArgumentException:  Encrypt/decrypt keystring cannot be null or blank
	at raysullivan.operation.AdEncryptDecrypt.generateKey(AdEncryptDecrypt.java:17)
	at raysullivan.operation.AdEncryptDecrypt.decrypt(AdEncryptDecrypt.java:52)
	at raysullivan.unitTest.TestAdEncryptDecrypt.decryptStringExceptions(TestAdEncryptDecrypt.java:39)
	at sun.reflect.NativeMethodAccessorImpl.invoke0(Native Method)
	at sun.reflect.NativeMethodAccessorImpl.invoke(Unknown Source)
	at sun.reflect.DelegatingMethodAccessorImpl.invoke(Unknown Source)
	at java.lang.reflect.Method.invoke(Unknown Source)
	at org.testng.internal.MethodInvocationHelper.invokeMethod(MethodInvocationHelper.java:80)
	at org.testng.internal.Invoker.invokeMethod(Invoker.java:714)
	at org.testng.internal.Invoker.invokeTestMethod(Invoker.java:901)
	at org.testng.internal.Invoker.invokeTestMethods(Invoker.java:1231)
	at org.testng.internal.TestMethodWorker.invokeTestMethods(TestMethodWorker.java:127)
	at org.testng.internal.TestMethodWorker.run(TestMethodWorker.java:111)
	at org.testng.TestRunner.privateRun(TestRunner.java:767)
	at org.testng.TestRunner.run(TestRunner.java:617)
	at org.testng.SuiteRunner.runTest(SuiteRunner.java:334)
	at org.testng.SuiteRunner.runSequentially(SuiteRunner.java:329)
	at org.testng.SuiteRunner.privateRun(SuiteRunner.java:291)
	at org.testng.SuiteRunner.run(SuiteRunner.java:240)
	at org.testng.SuiteRunnerWorker.runSuite(SuiteRunnerWorker.java:52)
	at org.testng.SuiteRunnerWorker.run(SuiteRunnerWorker.java:86)
	at org.testng.TestNG.runSuitesSequentially(TestNG.java:1198)
	at org.testng.TestNG.runSuitesLocally(TestNG.java:1123)
	at org.testng.TestNG.run(TestNG.java:1031)
	at org.testng.remote.AbstractRemoteTestNG.run(AbstractRemoteTestNG.java:132)
	at org.testng.remote.RemoteTestNG.initAndRun(RemoteTestNG.java:230)
	at org.testng.remote.RemoteTestNG.main(RemoteTestNG.java:76)
]]>
            </full-stacktrace>
          </exception> <!-- raysullivan.operation.AdException -->
          <reporter-output>
          </reporter-output>
        </test-method> <!-- decryptStringExceptions -->
        <test-method status="PASS" signature="decryptStringExceptions(java.lang.String, java.lang.String, java.lang.String)[pri:0, instance:raysullivan.unitTest.TestAdEncryptDecrypt@7d9d1a19]" name="decryptStringExceptions" duration-ms="1" started-at="2017-06-28T16:26:11Z" description="decryptStringExceptions" data-provider="decryptValuesExceptions" finished-at="2017-06-28T16:26:11Z">
          <params>
            <param index="0">
              <value is-null="true"/>
            </param>
            <param index="1">
              <value is-null="true"/>
            </param>
            <param index="2">
              <value is-null="true"/>
            </param>
          </params>
          <exception class="raysullivan.operation.AdException">
            <message>
              <![CDATA[NullPointerException:  Decrypt keystring cannot be null or blank]]>
            </message>
            <full-stacktrace>
              <![CDATA[raysullivan.operation.AdException: NullPointerException:  Decrypt keystring cannot be null or blank
	at raysullivan.operation.AdEncryptDecrypt.decrypt(AdEncryptDecrypt.java:56)
	at raysullivan.unitTest.TestAdEncryptDecrypt.decryptStringExceptions(TestAdEncryptDecrypt.java:39)
	at sun.reflect.NativeMethodAccessorImpl.invoke0(Native Method)
	at sun.reflect.NativeMethodAccessorImpl.invoke(Unknown Source)
	at sun.reflect.DelegatingMethodAccessorImpl.invoke(Unknown Source)
	at java.lang.reflect.Method.invoke(Unknown Source)
	at org.testng.internal.MethodInvocationHelper.invokeMethod(MethodInvocationHelper.java:80)
	at org.testng.internal.Invoker.invokeMethod(Invoker.java:714)
	at org.testng.internal.Invoker.invokeTestMethod(Invoker.java:901)
	at org.testng.internal.Invoker.invokeTestMethods(Invoker.java:1231)
	at org.testng.internal.TestMethodWorker.invokeTestMethods(TestMethodWorker.java:127)
	at org.testng.internal.TestMethodWorker.run(TestMethodWorker.java:111)
	at org.testng.TestRunner.privateRun(TestRunner.java:767)
	at org.testng.TestRunner.run(TestRunner.java:617)
	at org.testng.SuiteRunner.runTest(SuiteRunner.java:334)
	at org.testng.SuiteRunner.runSequentially(SuiteRunner.java:329)
	at org.testng.SuiteRunner.privateRun(SuiteRunner.java:291)
	at org.testng.SuiteRunner.run(SuiteRunner.java:240)
	at org.testng.SuiteRunnerWorker.runSuite(SuiteRunnerWorker.java:52)
	at org.testng.SuiteRunnerWorker.run(SuiteRunnerWorker.java:86)
	at org.testng.TestNG.runSuitesSequentially(TestNG.java:1198)
	at org.testng.TestNG.runSuitesLocally(TestNG.java:1123)
	at org.testng.TestNG.run(TestNG.java:1031)
	at org.testng.remote.AbstractRemoteTestNG.run(AbstractRemoteTestNG.java:132)
	at org.testng.remote.RemoteTestNG.initAndRun(RemoteTestNG.java:230)
	at org.testng.remote.RemoteTestNG.main(RemoteTestNG.java:76)
]]>
            </full-stacktrace>
          </exception> <!-- raysullivan.operation.AdException -->
          <reporter-output>
          </reporter-output>
        </test-method> <!-- decryptStringExceptions -->
        <test-method status="PASS" signature="decryptStringExceptions(java.lang.String, java.lang.String, java.lang.String)[pri:0, instance:raysullivan.unitTest.TestAdEncryptDecrypt@7d9d1a19]" name="decryptStringExceptions" duration-ms="1" started-at="2017-06-28T16:26:11Z" description="decryptStringExceptions" data-provider="decryptValuesExceptions" finished-at="2017-06-28T16:26:11Z">
          <params>
            <param index="0">
              <value>
                <![CDATA[ieKkIwygTyBf63mi62KD7w=]]>
              </value>
            </param>
            <param index="1">
              <value>
                <![CDATA[MerryChristmas!#Today]]>
              </value>
            </param>
            <param index="2">
              <value>
                <![CDATA[Welcome1]]>
              </value>
            </param>
          </params>
          <exception class="raysullivan.operation.AdException">
            <message>
              <![CDATA[InvalidKeyException:  Decrypt keystring must be 16 characters; keystring length of 21 is invalid.  Keystring: MerryChristmas!#Today]]>
            </message>
            <full-stacktrace>
              <![CDATA[raysullivan.operation.AdException: InvalidKeyException:  Decrypt keystring must be 16 characters; keystring length of 21 is invalid.  Keystring: MerryChristmas!#Today
	at raysullivan.operation.AdEncryptDecrypt.decrypt(AdEncryptDecrypt.java:58)
	at raysullivan.unitTest.TestAdEncryptDecrypt.decryptStringExceptions(TestAdEncryptDecrypt.java:39)
	at sun.reflect.NativeMethodAccessorImpl.invoke0(Native Method)
	at sun.reflect.NativeMethodAccessorImpl.invoke(Unknown Source)
	at sun.reflect.DelegatingMethodAccessorImpl.invoke(Unknown Source)
	at java.lang.reflect.Method.invoke(Unknown Source)
	at org.testng.internal.MethodInvocationHelper.invokeMethod(MethodInvocationHelper.java:80)
	at org.testng.internal.Invoker.invokeMethod(Invoker.java:714)
	at org.testng.internal.Invoker.invokeTestMethod(Invoker.java:901)
	at org.testng.internal.Invoker.invokeTestMethods(Invoker.java:1231)
	at org.testng.internal.TestMethodWorker.invokeTestMethods(TestMethodWorker.java:127)
	at org.testng.internal.TestMethodWorker.run(TestMethodWorker.java:111)
	at org.testng.TestRunner.privateRun(TestRunner.java:767)
	at org.testng.TestRunner.run(TestRunner.java:617)
	at org.testng.SuiteRunner.runTest(SuiteRunner.java:334)
	at org.testng.SuiteRunner.runSequentially(SuiteRunner.java:329)
	at org.testng.SuiteRunner.privateRun(SuiteRunner.java:291)
	at org.testng.SuiteRunner.run(SuiteRunner.java:240)
	at org.testng.SuiteRunnerWorker.runSuite(SuiteRunnerWorker.java:52)
	at org.testng.SuiteRunnerWorker.run(SuiteRunnerWorker.java:86)
	at org.testng.TestNG.runSuitesSequentially(TestNG.java:1198)
	at org.testng.TestNG.runSuitesLocally(TestNG.java:1123)
	at org.testng.TestNG.run(TestNG.java:1031)
	at org.testng.remote.AbstractRemoteTestNG.run(AbstractRemoteTestNG.java:132)
	at org.testng.remote.RemoteTestNG.initAndRun(RemoteTestNG.java:230)
	at org.testng.remote.RemoteTestNG.main(RemoteTestNG.java:76)
]]>
            </full-stacktrace>
          </exception> <!-- raysullivan.operation.AdException -->
          <reporter-output>
          </reporter-output>
        </test-method> <!-- decryptStringExceptions -->
        <test-method status="PASS" signature="decryptStringExceptions(java.lang.String, java.lang.String, java.lang.String)[pri:0, instance:raysullivan.unitTest.TestAdEncryptDecrypt@7d9d1a19]" name="decryptStringExceptions" duration-ms="1" started-at="2017-06-28T16:26:11Z" description="decryptStringExceptions" data-provider="decryptValuesExceptions" finished-at="2017-06-28T16:26:11Z">
          <params>
            <param index="0">
              <value>
                <![CDATA[ieKkIwygTyBf63mi62KD7w==]]>
              </value>
            </param>
            <param index="1">
              <value>
                <![CDATA[MerryChristmas!#]]>
              </value>
            </param>
            <param index="2">
              <value>
                <![CDATA[Welcome1]]>
              </value>
            </param>
          </params>
          <exception class="raysullivan.operation.AdException">
            <message>
              <![CDATA[Error:  String to decrypt is not a valid AES cipher.]]>
            </message>
            <full-stacktrace>
              <![CDATA[raysullivan.operation.AdException: Error:  String to decrypt is not a valid AES cipher.
	at raysullivan.operation.AdEncryptDecrypt.decrypt(AdEncryptDecrypt.java:70)
	at raysullivan.unitTest.TestAdEncryptDecrypt.decryptStringExceptions(TestAdEncryptDecrypt.java:39)
	at sun.reflect.NativeMethodAccessorImpl.invoke0(Native Method)
	at sun.reflect.NativeMethodAccessorImpl.invoke(Unknown Source)
	at sun.reflect.DelegatingMethodAccessorImpl.invoke(Unknown Source)
	at java.lang.reflect.Method.invoke(Unknown Source)
	at org.testng.internal.MethodInvocationHelper.invokeMethod(MethodInvocationHelper.java:80)
	at org.testng.internal.Invoker.invokeMethod(Invoker.java:714)
	at org.testng.internal.Invoker.invokeTestMethod(Invoker.java:901)
	at org.testng.internal.Invoker.invokeTestMethods(Invoker.java:1231)
	at org.testng.internal.TestMethodWorker.invokeTestMethods(TestMethodWorker.java:127)
	at org.testng.internal.TestMethodWorker.run(TestMethodWorker.java:111)
	at org.testng.TestRunner.privateRun(TestRunner.java:767)
	at org.testng.TestRunner.run(TestRunner.java:617)
	at org.testng.SuiteRunner.runTest(SuiteRunner.java:334)
	at org.testng.SuiteRunner.runSequentially(SuiteRunner.java:329)
	at org.testng.SuiteRunner.privateRun(SuiteRunner.java:291)
	at org.testng.SuiteRunner.run(SuiteRunner.java:240)
	at org.testng.SuiteRunnerWorker.runSuite(SuiteRunnerWorker.java:52)
	at org.testng.SuiteRunnerWorker.run(SuiteRunnerWorker.java:86)
	at org.testng.TestNG.runSuitesSequentially(TestNG.java:1198)
	at org.testng.TestNG.runSuitesLocally(TestNG.java:1123)
	at org.testng.TestNG.run(TestNG.java:1031)
	at org.testng.remote.AbstractRemoteTestNG.run(AbstractRemoteTestNG.java:132)
	at org.testng.remote.RemoteTestNG.initAndRun(RemoteTestNG.java:230)
	at org.testng.remote.RemoteTestNG.main(RemoteTestNG.java:76)
]]>
            </full-stacktrace>
          </exception> <!-- raysullivan.operation.AdException -->
          <reporter-output>
          </reporter-output>
        </test-method> <!-- decryptStringExceptions -->
        <test-method status="PASS" signature="encryptString(java.lang.String, java.lang.String, java.lang.String)[pri:0, instance:raysullivan.unitTest.TestAdEncryptDecrypt@7d9d1a19]" name="encryptString" duration-ms="0" started-at="2017-06-28T16:26:11Z" description="encryptString" data-provider="encryptValues" finished-at="2017-06-28T16:26:11Z">
          <params>
            <param index="0">
              <value>
                <![CDATA[Welcome1]]>
              </value>
            </param>
            <param index="1">
              <value>
                <![CDATA[automationDriver]]>
              </value>
            </param>
            <param index="2">
              <value>
                <![CDATA[ieKkIwygTyBf63mi62KD7w==]]>
              </value>
            </param>
          </params>
          <reporter-output>
          </reporter-output>
        </test-method> <!-- encryptString -->
        <test-method status="PASS" signature="encryptString(java.lang.String, java.lang.String, java.lang.String)[pri:0, instance:raysullivan.unitTest.TestAdEncryptDecrypt@7d9d1a19]" name="encryptString" duration-ms="1" started-at="2017-06-28T16:26:11Z" description="encryptString" data-provider="encryptValues" finished-at="2017-06-28T16:26:11Z">
          <params>
            <param index="0">
              <value>
                <![CDATA[Trummino65]]>
              </value>
            </param>
            <param index="1">
              <value>
                <![CDATA[automationDriver]]>
              </value>
            </param>
            <param index="2">
              <value>
                <![CDATA[UbvSbIXxhSqpFp895+teXA==]]>
              </value>
            </param>
          </params>
          <reporter-output>
          </reporter-output>
        </test-method> <!-- encryptString -->
        <test-method status="PASS" signature="encryptString(java.lang.String, java.lang.String, java.lang.String)[pri:0, instance:raysullivan.unitTest.TestAdEncryptDecrypt@7d9d1a19]" name="encryptString" duration-ms="1" started-at="2017-06-28T16:26:11Z" description="encryptString" data-provider="encryptValues" finished-at="2017-06-28T16:26:11Z">
          <params>
            <param index="0">
              <value>
                <![CDATA[Welcome1]]>
              </value>
            </param>
            <param index="1">
              <value>
                <![CDATA[MerryChristmas!#]]>
              </value>
            </param>
            <param index="2">
              <value>
                <![CDATA[UTrj43lAOWmZjXaqGaKnBg==]]>
              </value>
            </param>
          </params>
          <reporter-output>
          </reporter-output>
        </test-method> <!-- encryptString -->
        <test-method status="PASS" signature="encryptString(java.lang.String, java.lang.String, java.lang.String)[pri:0, instance:raysullivan.unitTest.TestAdEncryptDecrypt@7d9d1a19]" name="encryptString" duration-ms="2" started-at="2017-06-28T16:26:11Z" description="encryptString" data-provider="encryptValues" finished-at="2017-06-28T16:26:11Z">
          <params>
            <param index="0">
              <value>
                <![CDATA[Welcome2]]>
              </value>
            </param>
            <param index="1">
              <value>
                <![CDATA[MerryChristmas!#]]>
              </value>
            </param>
            <param index="2">
              <value>
                <![CDATA[tNs3FeJl0BYnShvQl0fqvA==]]>
              </value>
            </param>
          </params>
          <reporter-output>
          </reporter-output>
        </test-method> <!-- encryptString -->
        <test-method status="PASS" signature="encryptString(java.lang.String, java.lang.String, java.lang.String)[pri:0, instance:raysullivan.unitTest.TestAdEncryptDecrypt@7d9d1a19]" name="encryptString" duration-ms="1" started-at="2017-06-28T16:26:11Z" description="encryptString" data-provider="encryptValues" finished-at="2017-06-28T16:26:11Z">
          <params>
            <param index="0">
              <value>
                <![CDATA[DoTheTwist]]>
              </value>
            </param>
            <param index="1">
              <value>
                <![CDATA[automationDriver]]>
              </value>
            </param>
            <param index="2">
              <value>
                <![CDATA[YtPA1/s+SdGJSKNeq5EjSA==]]>
              </value>
            </param>
          </params>
          <reporter-output>
          </reporter-output>
        </test-method> <!-- encryptString -->
        <test-method status="PASS" signature="encryptString(java.lang.String, java.lang.String, java.lang.String)[pri:0, instance:raysullivan.unitTest.TestAdEncryptDecrypt@7d9d1a19]" name="encryptString" duration-ms="0" started-at="2017-06-28T16:26:11Z" description="encryptString" data-provider="encryptValues" finished-at="2017-06-28T16:26:11Z">
          <params>
            <param index="0">
              <value>
                <![CDATA[Welcome2]]>
              </value>
            </param>
            <param index="1">
              <value>
                <![CDATA[BaseballNational]]>
              </value>
            </param>
            <param index="2">
              <value>
                <![CDATA[4QUUgpWUehdpYUKU2U8xZA==]]>
              </value>
            </param>
          </params>
          <reporter-output>
          </reporter-output>
        </test-method> <!-- encryptString -->
        <test-method status="PASS" signature="encryptString(java.lang.String, java.lang.String, java.lang.String)[pri:0, instance:raysullivan.unitTest.TestAdEncryptDecrypt@7d9d1a19]" name="encryptString" duration-ms="3" started-at="2017-06-28T16:26:11Z" description="encryptString" data-provider="encryptValues" finished-at="2017-06-28T16:26:11Z">
          <params>
            <param index="0">
              <value>
                <![CDATA[Incredibly Long Text String with blanks and other stuff like special characters !@#$%^&*()+_|{}[]:<>,./?]]>
              </value>
            </param>
            <param index="1">
              <value>
                <![CDATA[automationDriver]]>
              </value>
            </param>
            <param index="2">
              <value>
                <![CDATA[A0TEWyN1ibkJ/1uMJ9BkqKrJfTPpnaEsgnz7sygQyl2IOHdXkeBk9Cz47ciwkekp5x8WYr+7cvDiphPAB7Sm3s5Q7fgt/5Sj3Xsp+PbE/MT43uiL2aWE6msoHnJk4JwWnSt5wYrtwtOEw07vBSDMlg==]]>
              </value>
            </param>
          </params>
          <reporter-output>
          </reporter-output>
        </test-method> <!-- encryptString -->
        <test-method status="PASS" signature="encryptString(java.lang.String, java.lang.String, java.lang.String)[pri:0, instance:raysullivan.unitTest.TestAdEncryptDecrypt@7d9d1a19]" name="encryptString" duration-ms="1" started-at="2017-06-28T16:26:11Z" description="encryptString" data-provider="encryptValues" finished-at="2017-06-28T16:26:11Z">
          <params>
            <param index="0">
              <value>
                <![CDATA[]]>
              </value>
            </param>
            <param index="1">
              <value>
                <![CDATA[BaseballNational]]>
              </value>
            </param>
            <param index="2">
              <value>
                <![CDATA[3t0JHljez4OIHnou97KwVw==]]>
              </value>
            </param>
          </params>
          <reporter-output>
          </reporter-output>
        </test-method> <!-- encryptString -->
        <test-method status="PASS" signature="encryptStringBad(java.lang.String, java.lang.String, java.lang.String)[pri:0, instance:raysullivan.unitTest.TestAdEncryptDecrypt@7d9d1a19]" name="encryptStringBad" duration-ms="1" started-at="2017-06-28T16:26:11Z" description="encryptString" data-provider="encryptValuesBad" finished-at="2017-06-28T16:26:11Z">
          <params>
            <param index="0">
              <value>
                <![CDATA[Welcome1]]>
              </value>
            </param>
            <param index="1">
              <value>
                <![CDATA[horsehockeynamaz]]>
              </value>
            </param>
            <param index="2">
              <value>
                <![CDATA[4QUUgpWUehdpYUKU2U8xZA==]]>
              </value>
            </param>
          </params>
          <reporter-output>
          </reporter-output>
        </test-method> <!-- encryptStringBad -->
        <test-method status="PASS" signature="encryptStringBad(java.lang.String, java.lang.String, java.lang.String)[pri:0, instance:raysullivan.unitTest.TestAdEncryptDecrypt@7d9d1a19]" name="encryptStringBad" duration-ms="1" started-at="2017-06-28T16:26:11Z" description="encryptString" data-provider="encryptValuesBad" finished-at="2017-06-28T16:26:11Z">
          <params>
            <param index="0">
              <value>
                <![CDATA[Trummino65]]>
              </value>
            </param>
            <param index="1">
              <value>
                <![CDATA[automationDriver]]>
              </value>
            </param>
            <param index="2">
              <value>
                <![CDATA[4QUUgpWUehdpYUKU2U8xZA==]]>
              </value>
            </param>
          </params>
          <reporter-output>
          </reporter-output>
        </test-method> <!-- encryptStringBad -->
        <test-method status="PASS" signature="encryptStringBad(java.lang.String, java.lang.String, java.lang.String)[pri:0, instance:raysullivan.unitTest.TestAdEncryptDecrypt@7d9d1a19]" name="encryptStringBad" duration-ms="1" started-at="2017-06-28T16:26:11Z" description="encryptString" data-provider="encryptValuesBad" finished-at="2017-06-28T16:26:11Z">
          <params>
            <param index="0">
              <value>
                <![CDATA[Welcome1]]>
              </value>
            </param>
            <param index="1">
              <value>
                <![CDATA[MerryChristmas!#]]>
              </value>
            </param>
            <param index="2">
              <value>
                <![CDATA[4QUUgpWUehdpYUKU2U8xZA==]]>
              </value>
            </param>
          </params>
          <reporter-output>
          </reporter-output>
        </test-method> <!-- encryptStringBad -->
        <test-method status="PASS" signature="encryptStringBad(java.lang.String, java.lang.String, java.lang.String)[pri:0, instance:raysullivan.unitTest.TestAdEncryptDecrypt@7d9d1a19]" name="encryptStringBad" duration-ms="2" started-at="2017-06-28T16:26:11Z" description="encryptString" data-provider="encryptValuesBad" finished-at="2017-06-28T16:26:11Z">
          <params>
            <param index="0">
              <value>
                <![CDATA[Welcome2]]>
              </value>
            </param>
            <param index="1">
              <value>
                <![CDATA[MerryChristmas!#]]>
              </value>
            </param>
            <param index="2">
              <value>
                <![CDATA[4QUUgpWUehdpYUKU2U8xZA==]]>
              </value>
            </param>
          </params>
          <reporter-output>
          </reporter-output>
        </test-method> <!-- encryptStringBad -->
        <test-method status="PASS" signature="encryptStringBad(java.lang.String, java.lang.String, java.lang.String)[pri:0, instance:raysullivan.unitTest.TestAdEncryptDecrypt@7d9d1a19]" name="encryptStringBad" duration-ms="1" started-at="2017-06-28T16:26:11Z" description="encryptString" data-provider="encryptValuesBad" finished-at="2017-06-28T16:26:11Z">
          <params>
            <param index="0">
              <value>
                <![CDATA[DoTheTwist]]>
              </value>
            </param>
            <param index="1">
              <value>
                <![CDATA[automationDriver]]>
              </value>
            </param>
            <param index="2">
              <value>
                <![CDATA[4QUUgpWUehdpYUKU2U8xZA==]]>
              </value>
            </param>
          </params>
          <reporter-output>
          </reporter-output>
        </test-method> <!-- encryptStringBad -->
        <test-method status="PASS" signature="encryptStringBad(java.lang.String, java.lang.String, java.lang.String)[pri:0, instance:raysullivan.unitTest.TestAdEncryptDecrypt@7d9d1a19]" name="encryptStringBad" duration-ms="1" started-at="2017-06-28T16:26:11Z" description="encryptString" data-provider="encryptValuesBad" finished-at="2017-06-28T16:26:11Z">
          <params>
            <param index="0">
              <value>
                <![CDATA[Welcome2]]>
              </value>
            </param>
            <param index="1">
              <value>
                <![CDATA[BaseballNational]]>
              </value>
            </param>
            <param index="2">
              <value>
                <![CDATA[4QUUgpWUehdpKUYU2U8xZA==]]>
              </value>
            </param>
          </params>
          <reporter-output>
          </reporter-output>
        </test-method> <!-- encryptStringBad -->
        <test-method status="PASS" signature="encryptStringBad(java.lang.String, java.lang.String, java.lang.String)[pri:0, instance:raysullivan.unitTest.TestAdEncryptDecrypt@7d9d1a19]" name="encryptStringBad" duration-ms="1" started-at="2017-06-28T16:26:11Z" description="encryptString" data-provider="encryptValuesBad" finished-at="2017-06-28T16:26:11Z">
          <params>
            <param index="0">
              <value>
                <![CDATA[Incredibly Long Text String with blanks and other stuff like special characters !@#$%^&*()+_|{}[]:<>,./?]]>
              </value>
            </param>
            <param index="1">
              <value>
                <![CDATA[automationDriver]]>
              </value>
            </param>
            <param index="2">
              <value>
                <![CDATA[4QUUgpWUehdpYUKU2U8xZA==]]>
              </value>
            </param>
          </params>
          <reporter-output>
          </reporter-output>
        </test-method> <!-- encryptStringBad -->
        <test-method status="PASS" signature="encryptStringBad(java.lang.String, java.lang.String, java.lang.String)[pri:0, instance:raysullivan.unitTest.TestAdEncryptDecrypt@7d9d1a19]" name="encryptStringBad" duration-ms="1" started-at="2017-06-28T16:26:11Z" description="encryptString" data-provider="encryptValuesBad" finished-at="2017-06-28T16:26:11Z">
          <params>
            <param index="0">
              <value>
                <![CDATA[]]>
              </value>
            </param>
            <param index="1">
              <value>
                <![CDATA[BaseballNational]]>
              </value>
            </param>
            <param index="2">
              <value>
                <![CDATA[4QUUgpWUehdpYUKU2U8xZA==]]>
              </value>
            </param>
          </params>
          <reporter-output>
          </reporter-output>
        </test-method> <!-- encryptStringBad -->
        <test-method status="PASS" signature="encryptStringExceptions(java.lang.String, java.lang.String)[pri:0, instance:raysullivan.unitTest.TestAdEncryptDecrypt@7d9d1a19]" name="encryptStringExceptions" duration-ms="1" started-at="2017-06-28T16:26:11Z" description="encryptStringExceptions" data-provider="encryptValuesExceptions" finished-at="2017-06-28T16:26:11Z">
          <params>
            <param index="0">
              <value is-null="true"/>
            </param>
            <param index="1">
              <value>
                <![CDATA[BaseballNational]]>
              </value>
            </param>
          </params>
          <exception class="raysullivan.operation.AdException">
            <message>
              <![CDATA[Error:  String to decrypt is not a valid AES cipher.]]>
            </message>
            <full-stacktrace>
              <![CDATA[raysullivan.operation.AdException: Error:  String to decrypt is not a valid AES cipher.
	at raysullivan.operation.AdEncryptDecrypt.decrypt(AdEncryptDecrypt.java:70)
	at raysullivan.unitTest.TestAdEncryptDecrypt.encryptStringExceptions(TestAdEncryptDecrypt.java:21)
	at sun.reflect.NativeMethodAccessorImpl.invoke0(Native Method)
	at sun.reflect.NativeMethodAccessorImpl.invoke(Unknown Source)
	at sun.reflect.DelegatingMethodAccessorImpl.invoke(Unknown Source)
	at java.lang.reflect.Method.invoke(Unknown Source)
	at org.testng.internal.MethodInvocationHelper.invokeMethod(MethodInvocationHelper.java:80)
	at org.testng.internal.Invoker.invokeMethod(Invoker.java:714)
	at org.testng.internal.Invoker.invokeTestMethod(Invoker.java:901)
	at org.testng.internal.Invoker.invokeTestMethods(Invoker.java:1231)
	at org.testng.internal.TestMethodWorker.invokeTestMethods(TestMethodWorker.java:127)
	at org.testng.internal.TestMethodWorker.run(TestMethodWorker.java:111)
	at org.testng.TestRunner.privateRun(TestRunner.java:767)
	at org.testng.TestRunner.run(TestRunner.java:617)
	at org.testng.SuiteRunner.runTest(SuiteRunner.java:334)
	at org.testng.SuiteRunner.runSequentially(SuiteRunner.java:329)
	at org.testng.SuiteRunner.privateRun(SuiteRunner.java:291)
	at org.testng.SuiteRunner.run(SuiteRunner.java:240)
	at org.testng.SuiteRunnerWorker.runSuite(SuiteRunnerWorker.java:52)
	at org.testng.SuiteRunnerWorker.run(SuiteRunnerWorker.java:86)
	at org.testng.TestNG.runSuitesSequentially(TestNG.java:1198)
	at org.testng.TestNG.runSuitesLocally(TestNG.java:1123)
	at org.testng.TestNG.run(TestNG.java:1031)
	at org.testng.remote.AbstractRemoteTestNG.run(AbstractRemoteTestNG.java:132)
	at org.testng.remote.RemoteTestNG.initAndRun(RemoteTestNG.java:230)
	at org.testng.remote.RemoteTestNG.main(RemoteTestNG.java:76)
]]>
            </full-stacktrace>
          </exception> <!-- raysullivan.operation.AdException -->
          <reporter-output>
          </reporter-output>
        </test-method> <!-- encryptStringExceptions -->
        <test-method status="PASS" signature="encryptStringExceptions(java.lang.String, java.lang.String)[pri:0, instance:raysullivan.unitTest.TestAdEncryptDecrypt@7d9d1a19]" name="encryptStringExceptions" duration-ms="1" started-at="2017-06-28T16:26:11Z" description="encryptStringExceptions" data-provider="encryptValuesExceptions" finished-at="2017-06-28T16:26:11Z">
          <params>
            <param index="0">
              <value>
                <![CDATA[Welcome2]]>
              </value>
            </param>
            <param index="1">
              <value is-null="true"/>
            </param>
          </params>
          <exception class="raysullivan.operation.AdException">
            <message>
              <![CDATA[NullPointerException:  Decrypt keystring cannot be null or blank]]>
            </message>
            <full-stacktrace>
              <![CDATA[raysullivan.operation.AdException: NullPointerException:  Decrypt keystring cannot be null or blank
	at raysullivan.operation.AdEncryptDecrypt.decrypt(AdEncryptDecrypt.java:56)
	at raysullivan.unitTest.TestAdEncryptDecrypt.encryptStringExceptions(TestAdEncryptDecrypt.java:21)
	at sun.reflect.NativeMethodAccessorImpl.invoke0(Native Method)
	at sun.reflect.NativeMethodAccessorImpl.invoke(Unknown Source)
	at sun.reflect.DelegatingMethodAccessorImpl.invoke(Unknown Source)
	at java.lang.reflect.Method.invoke(Unknown Source)
	at org.testng.internal.MethodInvocationHelper.invokeMethod(MethodInvocationHelper.java:80)
	at org.testng.internal.Invoker.invokeMethod(Invoker.java:714)
	at org.testng.internal.Invoker.invokeTestMethod(Invoker.java:901)
	at org.testng.internal.Invoker.invokeTestMethods(Invoker.java:1231)
	at org.testng.internal.TestMethodWorker.invokeTestMethods(TestMethodWorker.java:127)
	at org.testng.internal.TestMethodWorker.run(TestMethodWorker.java:111)
	at org.testng.TestRunner.privateRun(TestRunner.java:767)
	at org.testng.TestRunner.run(TestRunner.java:617)
	at org.testng.SuiteRunner.runTest(SuiteRunner.java:334)
	at org.testng.SuiteRunner.runSequentially(SuiteRunner.java:329)
	at org.testng.SuiteRunner.privateRun(SuiteRunner.java:291)
	at org.testng.SuiteRunner.run(SuiteRunner.java:240)
	at org.testng.SuiteRunnerWorker.runSuite(SuiteRunnerWorker.java:52)
	at org.testng.SuiteRunnerWorker.run(SuiteRunnerWorker.java:86)
	at org.testng.TestNG.runSuitesSequentially(TestNG.java:1198)
	at org.testng.TestNG.runSuitesLocally(TestNG.java:1123)
	at org.testng.TestNG.run(TestNG.java:1031)
	at org.testng.remote.AbstractRemoteTestNG.run(AbstractRemoteTestNG.java:132)
	at org.testng.remote.RemoteTestNG.initAndRun(RemoteTestNG.java:230)
	at org.testng.remote.RemoteTestNG.main(RemoteTestNG.java:76)
]]>
            </full-stacktrace>
          </exception> <!-- raysullivan.operation.AdException -->
          <reporter-output>
          </reporter-output>
        </test-method> <!-- encryptStringExceptions -->
        <test-method status="PASS" signature="encryptStringExceptions(java.lang.String, java.lang.String)[pri:0, instance:raysullivan.unitTest.TestAdEncryptDecrypt@7d9d1a19]" name="encryptStringExceptions" duration-ms="1" started-at="2017-06-28T16:26:11Z" description="encryptStringExceptions" data-provider="encryptValuesExceptions" finished-at="2017-06-28T16:26:11Z">
          <params>
            <param index="0">
              <value>
                <![CDATA[Welcome2]]>
              </value>
            </param>
            <param index="1">
              <value>
                <![CDATA[]]>
              </value>
            </param>
          </params>
          <exception class="raysullivan.operation.AdException">
            <message>
              <![CDATA[IllegalArgumentException:  Encrypt/decrypt keystring cannot be null or blank]]>
            </message>
            <full-stacktrace>
              <![CDATA[raysullivan.operation.AdException: IllegalArgumentException:  Encrypt/decrypt keystring cannot be null or blank
	at raysullivan.operation.AdEncryptDecrypt.generateKey(AdEncryptDecrypt.java:17)
	at raysullivan.operation.AdEncryptDecrypt.decrypt(AdEncryptDecrypt.java:52)
	at raysullivan.unitTest.TestAdEncryptDecrypt.encryptStringExceptions(TestAdEncryptDecrypt.java:21)
	at sun.reflect.NativeMethodAccessorImpl.invoke0(Native Method)
	at sun.reflect.NativeMethodAccessorImpl.invoke(Unknown Source)
	at sun.reflect.DelegatingMethodAccessorImpl.invoke(Unknown Source)
	at java.lang.reflect.Method.invoke(Unknown Source)
	at org.testng.internal.MethodInvocationHelper.invokeMethod(MethodInvocationHelper.java:80)
	at org.testng.internal.Invoker.invokeMethod(Invoker.java:714)
	at org.testng.internal.Invoker.invokeTestMethod(Invoker.java:901)
	at org.testng.internal.Invoker.invokeTestMethods(Invoker.java:1231)
	at org.testng.internal.TestMethodWorker.invokeTestMethods(TestMethodWorker.java:127)
	at org.testng.internal.TestMethodWorker.run(TestMethodWorker.java:111)
	at org.testng.TestRunner.privateRun(TestRunner.java:767)
	at org.testng.TestRunner.run(TestRunner.java:617)
	at org.testng.SuiteRunner.runTest(SuiteRunner.java:334)
	at org.testng.SuiteRunner.runSequentially(SuiteRunner.java:329)
	at org.testng.SuiteRunner.privateRun(SuiteRunner.java:291)
	at org.testng.SuiteRunner.run(SuiteRunner.java:240)
	at org.testng.SuiteRunnerWorker.runSuite(SuiteRunnerWorker.java:52)
	at org.testng.SuiteRunnerWorker.run(SuiteRunnerWorker.java:86)
	at org.testng.TestNG.runSuitesSequentially(TestNG.java:1198)
	at org.testng.TestNG.runSuitesLocally(TestNG.java:1123)
	at org.testng.TestNG.run(TestNG.java:1031)
	at org.testng.remote.AbstractRemoteTestNG.run(AbstractRemoteTestNG.java:132)
	at org.testng.remote.RemoteTestNG.initAndRun(RemoteTestNG.java:230)
	at org.testng.remote.RemoteTestNG.main(RemoteTestNG.java:76)
]]>
            </full-stacktrace>
          </exception> <!-- raysullivan.operation.AdException -->
          <reporter-output>
          </reporter-output>
        </test-method> <!-- encryptStringExceptions -->
        <test-method status="PASS" signature="encryptStringExceptions(java.lang.String, java.lang.String)[pri:0, instance:raysullivan.unitTest.TestAdEncryptDecrypt@7d9d1a19]" name="encryptStringExceptions" duration-ms="1" started-at="2017-06-28T16:26:11Z" description="encryptStringExceptions" data-provider="encryptValuesExceptions" finished-at="2017-06-28T16:26:11Z">
          <params>
            <param index="0">
              <value>
                <![CDATA[]]>
              </value>
            </param>
            <param index="1">
              <value>
                <![CDATA[Happy Birthday]]>
              </value>
            </param>
          </params>
          <exception class="raysullivan.operation.AdException">
            <message>
              <![CDATA[InvalidKeyException:  Decrypt keystring must be 16 characters; keystring length of 14 is invalid.  Keystring: Happy Birthday]]>
            </message>
            <full-stacktrace>
              <![CDATA[raysullivan.operation.AdException: InvalidKeyException:  Decrypt keystring must be 16 characters; keystring length of 14 is invalid.  Keystring: Happy Birthday
	at raysullivan.operation.AdEncryptDecrypt.decrypt(AdEncryptDecrypt.java:58)
	at raysullivan.unitTest.TestAdEncryptDecrypt.encryptStringExceptions(TestAdEncryptDecrypt.java:21)
	at sun.reflect.NativeMethodAccessorImpl.invoke0(Native Method)
	at sun.reflect.NativeMethodAccessorImpl.invoke(Unknown Source)
	at sun.reflect.DelegatingMethodAccessorImpl.invoke(Unknown Source)
	at java.lang.reflect.Method.invoke(Unknown Source)
	at org.testng.internal.MethodInvocationHelper.invokeMethod(MethodInvocationHelper.java:80)
	at org.testng.internal.Invoker.invokeMethod(Invoker.java:714)
	at org.testng.internal.Invoker.invokeTestMethod(Invoker.java:901)
	at org.testng.internal.Invoker.invokeTestMethods(Invoker.java:1231)
	at org.testng.internal.TestMethodWorker.invokeTestMethods(TestMethodWorker.java:127)
	at org.testng.internal.TestMethodWorker.run(TestMethodWorker.java:111)
	at org.testng.TestRunner.privateRun(TestRunner.java:767)
	at org.testng.TestRunner.run(TestRunner.java:617)
	at org.testng.SuiteRunner.runTest(SuiteRunner.java:334)
	at org.testng.SuiteRunner.runSequentially(SuiteRunner.java:329)
	at org.testng.SuiteRunner.privateRun(SuiteRunner.java:291)
	at org.testng.SuiteRunner.run(SuiteRunner.java:240)
	at org.testng.SuiteRunnerWorker.runSuite(SuiteRunnerWorker.java:52)
	at org.testng.SuiteRunnerWorker.run(SuiteRunnerWorker.java:86)
	at org.testng.TestNG.runSuitesSequentially(TestNG.java:1198)
	at org.testng.TestNG.runSuitesLocally(TestNG.java:1123)
	at org.testng.TestNG.run(TestNG.java:1031)
	at org.testng.remote.AbstractRemoteTestNG.run(AbstractRemoteTestNG.java:132)
	at org.testng.remote.RemoteTestNG.initAndRun(RemoteTestNG.java:230)
	at org.testng.remote.RemoteTestNG.main(RemoteTestNG.java:76)
]]>
            </full-stacktrace>
          </exception> <!-- raysullivan.operation.AdException -->
          <reporter-output>
          </reporter-output>
        </test-method> <!-- encryptStringExceptions -->
        <test-method status="PASS" signature="encryptStringExceptions(java.lang.String, java.lang.String)[pri:0, instance:raysullivan.unitTest.TestAdEncryptDecrypt@7d9d1a19]" name="encryptStringExceptions" duration-ms="0" started-at="2017-06-28T16:26:11Z" description="encryptStringExceptions" data-provider="encryptValuesExceptions" finished-at="2017-06-28T16:26:11Z">
          <params>
            <param index="0">
              <value is-null="true"/>
            </param>
            <param index="1">
              <value is-null="true"/>
            </param>
          </params>
          <exception class="raysullivan.operation.AdException">
            <message>
              <![CDATA[NullPointerException:  Decrypt keystring cannot be null or blank]]>
            </message>
            <full-stacktrace>
              <![CDATA[raysullivan.operation.AdException: NullPointerException:  Decrypt keystring cannot be null or blank
	at raysullivan.operation.AdEncryptDecrypt.decrypt(AdEncryptDecrypt.java:56)
	at raysullivan.unitTest.TestAdEncryptDecrypt.encryptStringExceptions(TestAdEncryptDecrypt.java:21)
	at sun.reflect.NativeMethodAccessorImpl.invoke0(Native Method)
	at sun.reflect.NativeMethodAccessorImpl.invoke(Unknown Source)
	at sun.reflect.DelegatingMethodAccessorImpl.invoke(Unknown Source)
	at java.lang.reflect.Method.invoke(Unknown Source)
	at org.testng.internal.MethodInvocationHelper.invokeMethod(MethodInvocationHelper.java:80)
	at org.testng.internal.Invoker.invokeMethod(Invoker.java:714)
	at org.testng.internal.Invoker.invokeTestMethod(Invoker.java:901)
	at org.testng.internal.Invoker.invokeTestMethods(Invoker.java:1231)
	at org.testng.internal.TestMethodWorker.invokeTestMethods(TestMethodWorker.java:127)
	at org.testng.internal.TestMethodWorker.run(TestMethodWorker.java:111)
	at org.testng.TestRunner.privateRun(TestRunner.java:767)
	at org.testng.TestRunner.run(TestRunner.java:617)
	at org.testng.SuiteRunner.runTest(SuiteRunner.java:334)
	at org.testng.SuiteRunner.runSequentially(SuiteRunner.java:329)
	at org.testng.SuiteRunner.privateRun(SuiteRunner.java:291)
	at org.testng.SuiteRunner.run(SuiteRunner.java:240)
	at org.testng.SuiteRunnerWorker.runSuite(SuiteRunnerWorker.java:52)
	at org.testng.SuiteRunnerWorker.run(SuiteRunnerWorker.java:86)
	at org.testng.TestNG.runSuitesSequentially(TestNG.java:1198)
	at org.testng.TestNG.runSuitesLocally(TestNG.java:1123)
	at org.testng.TestNG.run(TestNG.java:1031)
	at org.testng.remote.AbstractRemoteTestNG.run(AbstractRemoteTestNG.java:132)
	at org.testng.remote.RemoteTestNG.initAndRun(RemoteTestNG.java:230)
	at org.testng.remote.RemoteTestNG.main(RemoteTestNG.java:76)
]]>
            </full-stacktrace>
          </exception> <!-- raysullivan.operation.AdException -->
          <reporter-output>
          </reporter-output>
        </test-method> <!-- encryptStringExceptions -->
        <test-method status="PASS" signature="encryptStringExceptions(java.lang.String, java.lang.String)[pri:0, instance:raysullivan.unitTest.TestAdEncryptDecrypt@7d9d1a19]" name="encryptStringExceptions" duration-ms="0" started-at="2017-06-28T16:26:11Z" description="encryptStringExceptions" data-provider="encryptValuesExceptions" finished-at="2017-06-28T16:26:11Z">
          <params>
            <param index="0">
              <value>
                <![CDATA[]]>
              </value>
            </param>
            <param index="1">
              <value>
                <![CDATA[]]>
              </value>
            </param>
          </params>
          <exception class="raysullivan.operation.AdException">
            <message>
              <![CDATA[IllegalArgumentException:  Encrypt/decrypt keystring cannot be null or blank]]>
            </message>
            <full-stacktrace>
              <![CDATA[raysullivan.operation.AdException: IllegalArgumentException:  Encrypt/decrypt keystring cannot be null or blank
	at raysullivan.operation.AdEncryptDecrypt.generateKey(AdEncryptDecrypt.java:17)
	at raysullivan.operation.AdEncryptDecrypt.decrypt(AdEncryptDecrypt.java:52)
	at raysullivan.unitTest.TestAdEncryptDecrypt.encryptStringExceptions(TestAdEncryptDecrypt.java:21)
	at sun.reflect.NativeMethodAccessorImpl.invoke0(Native Method)
	at sun.reflect.NativeMethodAccessorImpl.invoke(Unknown Source)
	at sun.reflect.DelegatingMethodAccessorImpl.invoke(Unknown Source)
	at java.lang.reflect.Method.invoke(Unknown Source)
	at org.testng.internal.MethodInvocationHelper.invokeMethod(MethodInvocationHelper.java:80)
	at org.testng.internal.Invoker.invokeMethod(Invoker.java:714)
	at org.testng.internal.Invoker.invokeTestMethod(Invoker.java:901)
	at org.testng.internal.Invoker.invokeTestMethods(Invoker.java:1231)
	at org.testng.internal.TestMethodWorker.invokeTestMethods(TestMethodWorker.java:127)
	at org.testng.internal.TestMethodWorker.run(TestMethodWorker.java:111)
	at org.testng.TestRunner.privateRun(TestRunner.java:767)
	at org.testng.TestRunner.run(TestRunner.java:617)
	at org.testng.SuiteRunner.runTest(SuiteRunner.java:334)
	at org.testng.SuiteRunner.runSequentially(SuiteRunner.java:329)
	at org.testng.SuiteRunner.privateRun(SuiteRunner.java:291)
	at org.testng.SuiteRunner.run(SuiteRunner.java:240)
	at org.testng.SuiteRunnerWorker.runSuite(SuiteRunnerWorker.java:52)
	at org.testng.SuiteRunnerWorker.run(SuiteRunnerWorker.java:86)
	at org.testng.TestNG.runSuitesSequentially(TestNG.java:1198)
	at org.testng.TestNG.runSuitesLocally(TestNG.java:1123)
	at org.testng.TestNG.run(TestNG.java:1031)
	at org.testng.remote.AbstractRemoteTestNG.run(AbstractRemoteTestNG.java:132)
	at org.testng.remote.RemoteTestNG.initAndRun(RemoteTestNG.java:230)
	at org.testng.remote.RemoteTestNG.main(RemoteTestNG.java:76)
]]>
            </full-stacktrace>
          </exception> <!-- raysullivan.operation.AdException -->
          <reporter-output>
          </reporter-output>
        </test-method> <!-- encryptStringExceptions -->
        <test-method status="PASS" signature="encryptStringExceptions(java.lang.String, java.lang.String)[pri:0, instance:raysullivan.unitTest.TestAdEncryptDecrypt@7d9d1a19]" name="encryptStringExceptions" duration-ms="1" started-at="2017-06-28T16:26:11Z" description="encryptStringExceptions" data-provider="encryptValuesExceptions" finished-at="2017-06-28T16:26:11Z">
          <params>
            <param index="0">
              <value>
                <![CDATA[Welcome2]]>
              </value>
            </param>
            <param index="1">
              <value>
                <![CDATA[CricketNational]]>
              </value>
            </param>
          </params>
          <exception class="raysullivan.operation.AdException">
            <message>
              <![CDATA[InvalidKeyException:  Decrypt keystring must be 16 characters; keystring length of 15 is invalid.  Keystring: CricketNational]]>
            </message>
            <full-stacktrace>
              <![CDATA[raysullivan.operation.AdException: InvalidKeyException:  Decrypt keystring must be 16 characters; keystring length of 15 is invalid.  Keystring: CricketNational
	at raysullivan.operation.AdEncryptDecrypt.decrypt(AdEncryptDecrypt.java:58)
	at raysullivan.unitTest.TestAdEncryptDecrypt.encryptStringExceptions(TestAdEncryptDecrypt.java:21)
	at sun.reflect.NativeMethodAccessorImpl.invoke0(Native Method)
	at sun.reflect.NativeMethodAccessorImpl.invoke(Unknown Source)
	at sun.reflect.DelegatingMethodAccessorImpl.invoke(Unknown Source)
	at java.lang.reflect.Method.invoke(Unknown Source)
	at org.testng.internal.MethodInvocationHelper.invokeMethod(MethodInvocationHelper.java:80)
	at org.testng.internal.Invoker.invokeMethod(Invoker.java:714)
	at org.testng.internal.Invoker.invokeTestMethod(Invoker.java:901)
	at org.testng.internal.Invoker.invokeTestMethods(Invoker.java:1231)
	at org.testng.internal.TestMethodWorker.invokeTestMethods(TestMethodWorker.java:127)
	at org.testng.internal.TestMethodWorker.run(TestMethodWorker.java:111)
	at org.testng.TestRunner.privateRun(TestRunner.java:767)
	at org.testng.TestRunner.run(TestRunner.java:617)
	at org.testng.SuiteRunner.runTest(SuiteRunner.java:334)
	at org.testng.SuiteRunner.runSequentially(SuiteRunner.java:329)
	at org.testng.SuiteRunner.privateRun(SuiteRunner.java:291)
	at org.testng.SuiteRunner.run(SuiteRunner.java:240)
	at org.testng.SuiteRunnerWorker.runSuite(SuiteRunnerWorker.java:52)
	at org.testng.SuiteRunnerWorker.run(SuiteRunnerWorker.java:86)
	at org.testng.TestNG.runSuitesSequentially(TestNG.java:1198)
	at org.testng.TestNG.runSuitesLocally(TestNG.java:1123)
	at org.testng.TestNG.run(TestNG.java:1031)
	at org.testng.remote.AbstractRemoteTestNG.run(AbstractRemoteTestNG.java:132)
	at org.testng.remote.RemoteTestNG.initAndRun(RemoteTestNG.java:230)
	at org.testng.remote.RemoteTestNG.main(RemoteTestNG.java:76)
]]>
            </full-stacktrace>
          </exception> <!-- raysullivan.operation.AdException -->
          <reporter-output>
          </reporter-output>
        </test-method> <!-- encryptStringExceptions -->
        <test-method status="PASS" signature="encryptStringExceptions(java.lang.String, java.lang.String)[pri:0, instance:raysullivan.unitTest.TestAdEncryptDecrypt@7d9d1a19]" name="encryptStringExceptions" duration-ms="4" started-at="2017-06-28T16:26:11Z" description="encryptStringExceptions" data-provider="encryptValuesExceptions" finished-at="2017-06-28T16:26:11Z">
          <params>
            <param index="0">
              <value>
                <![CDATA[Welcome2]]>
              </value>
            </param>
            <param index="1">
              <value>
                <![CDATA[BaseballNationalLeague]]>
              </value>
            </param>
          </params>
          <exception class="raysullivan.operation.AdException">
            <message>
              <![CDATA[InvalidKeyException:  Decrypt keystring must be 16 characters; keystring length of 22 is invalid.  Keystring: BaseballNationalLeague]]>
            </message>
            <full-stacktrace>
              <![CDATA[raysullivan.operation.AdException: InvalidKeyException:  Decrypt keystring must be 16 characters; keystring length of 22 is invalid.  Keystring: BaseballNationalLeague
	at raysullivan.operation.AdEncryptDecrypt.decrypt(AdEncryptDecrypt.java:58)
	at raysullivan.unitTest.TestAdEncryptDecrypt.encryptStringExceptions(TestAdEncryptDecrypt.java:21)
	at sun.reflect.NativeMethodAccessorImpl.invoke0(Native Method)
	at sun.reflect.NativeMethodAccessorImpl.invoke(Unknown Source)
	at sun.reflect.DelegatingMethodAccessorImpl.invoke(Unknown Source)
	at java.lang.reflect.Method.invoke(Unknown Source)
	at org.testng.internal.MethodInvocationHelper.invokeMethod(MethodInvocationHelper.java:80)
	at org.testng.internal.Invoker.invokeMethod(Invoker.java:714)
	at org.testng.internal.Invoker.invokeTestMethod(Invoker.java:901)
	at org.testng.internal.Invoker.invokeTestMethods(Invoker.java:1231)
	at org.testng.internal.TestMethodWorker.invokeTestMethods(TestMethodWorker.java:127)
	at org.testng.internal.TestMethodWorker.run(TestMethodWorker.java:111)
	at org.testng.TestRunner.privateRun(TestRunner.java:767)
	at org.testng.TestRunner.run(TestRunner.java:617)
	at org.testng.SuiteRunner.runTest(SuiteRunner.java:334)
	at org.testng.SuiteRunner.runSequentially(SuiteRunner.java:329)
	at org.testng.SuiteRunner.privateRun(SuiteRunner.java:291)
	at org.testng.SuiteRunner.run(SuiteRunner.java:240)
	at org.testng.SuiteRunnerWorker.runSuite(SuiteRunnerWorker.java:52)
	at org.testng.SuiteRunnerWorker.run(SuiteRunnerWorker.java:86)
	at org.testng.TestNG.runSuitesSequentially(TestNG.java:1198)
	at org.testng.TestNG.runSuitesLocally(TestNG.java:1123)
	at org.testng.TestNG.run(TestNG.java:1031)
	at org.testng.remote.AbstractRemoteTestNG.run(AbstractRemoteTestNG.java:132)
	at org.testng.remote.RemoteTestNG.initAndRun(RemoteTestNG.java:230)
	at org.testng.remote.RemoteTestNG.main(RemoteTestNG.java:76)
]]>
            </full-stacktrace>
          </exception> <!-- raysullivan.operation.AdException -->
          <reporter-output>
          </reporter-output>
        </test-method> <!-- encryptStringExceptions -->
      </class> <!-- raysullivan.unitTest.TestAdEncryptDecrypt -->
    </test> <!-- Default test -->
  </suite> <!-- Default suite -->
</testng-results>
