<?xml version="1.0" encoding="UTF-8"?>
<testng-results skipped="0" failed="0" total="205" passed="205">
  <reporter-output>
  </reporter-output>
  <suite name="Automation Driver Test Suite" duration-ms="10891" started-at="2017-07-06T16:45:24Z" finished-at="2017-07-06T16:45:35Z">
    <groups>
    </groups>
    <test name="Driver Test" duration-ms="10891" started-at="2017-07-06T16:45:24Z" finished-at="2017-07-06T16:45:35Z">
      <class name="raysullivan.unitTest.TestAdKeywords">
        <test-method status="PASS" signature="TestAssertContains(java.lang.String, java.lang.String, java.lang.String, java.lang.String, java.lang.String)[pri:0, instance:raysullivan.unitTest.TestAdKeywords@2d127a61]" name="TestAssertContains" duration-ms="7" started-at="2017-07-06T10:45:30Z" description="TestAssertContains" data-provider="AssertContains" finished-at="2017-07-06T10:45:30Z">
          <params>
            <param index="0">
              <value>
                <![CDATA[${vname1}]]>
              </value>
            </param>
            <param index="1">
              <value>
                <![CDATA[This is a value]]>
              </value>
            </param>
            <param index="2">
              <value>
                <![CDATA[${vname2}]]>
              </value>
            </param>
            <param index="3">
              <value>
                <![CDATA[ a val]]>
              </value>
            </param>
            <param index="4">
              <value>
                <![CDATA[Success]]>
              </value>
            </param>
          </params>
          <reporter-output>
          </reporter-output>
        </test-method> <!-- TestAssertContains -->
        <test-method status="PASS" signature="TestAssertContains(java.lang.String, java.lang.String, java.lang.String, java.lang.String, java.lang.String)[pri:0, instance:raysullivan.unitTest.TestAdKeywords@2d127a61]" name="TestAssertContains" duration-ms="1" started-at="2017-07-06T10:45:30Z" description="TestAssertContains" data-provider="AssertContains" finished-at="2017-07-06T10:45:30Z">
          <params>
            <param index="0">
              <value>
                <![CDATA[${vname1}]]>
              </value>
            </param>
            <param index="1">
              <value>
                <![CDATA[This is a value]]>
              </value>
            </param>
            <param index="2">
              <value>
                <![CDATA[${vname2}]]>
              </value>
            </param>
            <param index="3">
              <value>
                <![CDATA[ A VALUE]]>
              </value>
            </param>
            <param index="4">
              <value>
                <![CDATA[Error]]>
              </value>
            </param>
          </params>
          <reporter-output>
          </reporter-output>
        </test-method> <!-- TestAssertContains -->
        <test-method status="PASS" signature="TestAssertContains(java.lang.String, java.lang.String, java.lang.String, java.lang.String, java.lang.String)[pri:0, instance:raysullivan.unitTest.TestAdKeywords@2d127a61]" name="TestAssertContains" duration-ms="0" started-at="2017-07-06T10:45:30Z" description="TestAssertContains" data-provider="AssertContains" finished-at="2017-07-06T10:45:30Z">
          <params>
            <param index="0">
              <value>
                <![CDATA[${vname1}]]>
              </value>
            </param>
            <param index="1">
              <value>
                <![CDATA[This is a value]]>
              </value>
            </param>
            <param index="2">
              <value>
                <![CDATA[${vname2}]]>
              </value>
            </param>
            <param index="3">
              <value>
                <![CDATA[This is a value]]>
              </value>
            </param>
            <param index="4">
              <value>
                <![CDATA[Success]]>
              </value>
            </param>
          </params>
          <reporter-output>
          </reporter-output>
        </test-method> <!-- TestAssertContains -->
        <test-method status="PASS" signature="TestAssertContains(java.lang.String, java.lang.String, java.lang.String, java.lang.String, java.lang.String)[pri:0, instance:raysullivan.unitTest.TestAdKeywords@2d127a61]" name="TestAssertContains" duration-ms="1" started-at="2017-07-06T10:45:30Z" description="TestAssertContains" data-provider="AssertContains" finished-at="2017-07-06T10:45:30Z">
          <params>
            <param index="0">
              <value>
                <![CDATA[${vname1}]]>
              </value>
            </param>
            <param index="1">
              <value>
                <![CDATA[This is a value]]>
              </value>
            </param>
            <param index="2">
              <value>
                <![CDATA[${vname2}]]>
              </value>
            </param>
            <param index="3">
              <value>
                <![CDATA[This is a value that I like]]>
              </value>
            </param>
            <param index="4">
              <value>
                <![CDATA[Error]]>
              </value>
            </param>
          </params>
          <reporter-output>
          </reporter-output>
        </test-method> <!-- TestAssertContains -->
        <test-method status="PASS" signature="TestAssertContains(java.lang.String, java.lang.String, java.lang.String, java.lang.String, java.lang.String)[pri:0, instance:raysullivan.unitTest.TestAdKeywords@2d127a61]" name="TestAssertContains" duration-ms="0" started-at="2017-07-06T10:45:30Z" description="TestAssertContains" data-provider="AssertContains" finished-at="2017-07-06T10:45:30Z">
          <params>
            <param index="0">
              <value>
                <![CDATA[${vname1}]]>
              </value>
            </param>
            <param index="1">
              <value>
                <![CDATA[This is a value]]>
              </value>
            </param>
            <param index="2">
              <value>
                <![CDATA[${vname2}]]>
              </value>
            </param>
            <param index="3">
              <value>
                <![CDATA[ ]]>
              </value>
            </param>
            <param index="4">
              <value>
                <![CDATA[Success]]>
              </value>
            </param>
          </params>
          <reporter-output>
          </reporter-output>
        </test-method> <!-- TestAssertContains -->
        <test-method status="PASS" signature="TestAssertContains(java.lang.String, java.lang.String, java.lang.String, java.lang.String, java.lang.String)[pri:0, instance:raysullivan.unitTest.TestAdKeywords@2d127a61]" name="TestAssertContains" duration-ms="0" started-at="2017-07-06T10:45:30Z" description="TestAssertContains" data-provider="AssertContains" finished-at="2017-07-06T10:45:30Z">
          <params>
            <param index="0">
              <value>
                <![CDATA[${vname1}]]>
              </value>
            </param>
            <param index="1">
              <value>
                <![CDATA[This is a value]]>
              </value>
            </param>
            <param index="2">
              <value>
                <![CDATA[${vname2}]]>
              </value>
            </param>
            <param index="3">
              <value>
                <![CDATA[I want a horsey]]>
              </value>
            </param>
            <param index="4">
              <value>
                <![CDATA[Error]]>
              </value>
            </param>
          </params>
          <reporter-output>
          </reporter-output>
        </test-method> <!-- TestAssertContains -->
        <test-method status="PASS" signature="TestAssertContains(java.lang.String, java.lang.String, java.lang.String, java.lang.String, java.lang.String)[pri:0, instance:raysullivan.unitTest.TestAdKeywords@2d127a61]" name="TestAssertContains" duration-ms="1" started-at="2017-07-06T10:45:30Z" description="TestAssertContains" data-provider="AssertContains" finished-at="2017-07-06T10:45:30Z">
          <params>
            <param index="0">
              <value>
                <![CDATA[${vname1}]]>
              </value>
            </param>
            <param index="1">
              <value>
                <![CDATA[ ]]>
              </value>
            </param>
            <param index="2">
              <value>
                <![CDATA[${vname2}]]>
              </value>
            </param>
            <param index="3">
              <value>
                <![CDATA[I want a horsey]]>
              </value>
            </param>
            <param index="4">
              <value>
                <![CDATA[Error]]>
              </value>
            </param>
          </params>
          <reporter-output>
          </reporter-output>
        </test-method> <!-- TestAssertContains -->
        <test-method status="PASS" signature="TestAssertEquals(java.lang.String, java.lang.String, java.lang.String, java.lang.String, java.lang.String)[pri:0, instance:raysullivan.unitTest.TestAdKeywords@2d127a61]" name="TestAssertEquals" duration-ms="1" started-at="2017-07-06T10:45:30Z" description="TestAssertEquals" data-provider="AssertEquals" finished-at="2017-07-06T10:45:30Z">
          <params>
            <param index="0">
              <value>
                <![CDATA[${vname1}]]>
              </value>
            </param>
            <param index="1">
              <value>
                <![CDATA[this is an equal value]]>
              </value>
            </param>
            <param index="2">
              <value>
                <![CDATA[${vname2}]]>
              </value>
            </param>
            <param index="3">
              <value>
                <![CDATA[this is an equal value]]>
              </value>
            </param>
            <param index="4">
              <value>
                <![CDATA[Success]]>
              </value>
            </param>
          </params>
          <reporter-output>
          </reporter-output>
        </test-method> <!-- TestAssertEquals -->
        <test-method status="PASS" signature="TestAssertEquals(java.lang.String, java.lang.String, java.lang.String, java.lang.String, java.lang.String)[pri:0, instance:raysullivan.unitTest.TestAdKeywords@2d127a61]" name="TestAssertEquals" duration-ms="1" started-at="2017-07-06T10:45:30Z" description="TestAssertEquals" data-provider="AssertEquals" finished-at="2017-07-06T10:45:30Z">
          <params>
            <param index="0">
              <value>
                <![CDATA[${vname1}]]>
              </value>
            </param>
            <param index="1">
              <value>
                <![CDATA[THIS IS AN EQUAL VALUE]]>
              </value>
            </param>
            <param index="2">
              <value>
                <![CDATA[${vname2}]]>
              </value>
            </param>
            <param index="3">
              <value>
                <![CDATA[this is an equal value]]>
              </value>
            </param>
            <param index="4">
              <value>
                <![CDATA[Error]]>
              </value>
            </param>
          </params>
          <reporter-output>
          </reporter-output>
        </test-method> <!-- TestAssertEquals -->
        <test-method status="PASS" signature="TestAssertEquals(java.lang.String, java.lang.String, java.lang.String, java.lang.String, java.lang.String)[pri:0, instance:raysullivan.unitTest.TestAdKeywords@2d127a61]" name="TestAssertEquals" duration-ms="1" started-at="2017-07-06T10:45:30Z" description="TestAssertEquals" data-provider="AssertEquals" finished-at="2017-07-06T10:45:30Z">
          <params>
            <param index="0">
              <value>
                <![CDATA[${vname1}]]>
              </value>
            </param>
            <param index="1">
              <value>
                <![CDATA[this is an equal value]]>
              </value>
            </param>
            <param index="2">
              <value>
                <![CDATA[${vname2}]]>
              </value>
            </param>
            <param index="3">
              <value>
                <![CDATA[this is not an equal value]]>
              </value>
            </param>
            <param index="4">
              <value>
                <![CDATA[Error]]>
              </value>
            </param>
          </params>
          <reporter-output>
          </reporter-output>
        </test-method> <!-- TestAssertEquals -->
        <test-method status="PASS" signature="TestAssertEquals(java.lang.String, java.lang.String, java.lang.String, java.lang.String, java.lang.String)[pri:0, instance:raysullivan.unitTest.TestAdKeywords@2d127a61]" name="TestAssertEquals" duration-ms="0" started-at="2017-07-06T10:45:30Z" description="TestAssertEquals" data-provider="AssertEquals" finished-at="2017-07-06T10:45:30Z">
          <params>
            <param index="0">
              <value>
                <![CDATA[${vname1}]]>
              </value>
            </param>
            <param index="1">
              <value>
                <![CDATA[]]>
              </value>
            </param>
            <param index="2">
              <value>
                <![CDATA[${vname2}]]>
              </value>
            </param>
            <param index="3">
              <value>
                <![CDATA[]]>
              </value>
            </param>
            <param index="4">
              <value>
                <![CDATA[Success]]>
              </value>
            </param>
          </params>
          <reporter-output>
          </reporter-output>
        </test-method> <!-- TestAssertEquals -->
        <test-method status="PASS" signature="TestAssertNotContains(java.lang.String, java.lang.String, java.lang.String, java.lang.String, java.lang.String)[pri:0, instance:raysullivan.unitTest.TestAdKeywords@2d127a61]" name="TestAssertNotContains" duration-ms="1" started-at="2017-07-06T10:45:30Z" description="TestAssertNotContains" data-provider="AssertNotContains" finished-at="2017-07-06T10:45:30Z">
          <params>
            <param index="0">
              <value>
                <![CDATA[${vname1}]]>
              </value>
            </param>
            <param index="1">
              <value>
                <![CDATA[This is a value]]>
              </value>
            </param>
            <param index="2">
              <value>
                <![CDATA[${vname2}]]>
              </value>
            </param>
            <param index="3">
              <value>
                <![CDATA[ a value]]>
              </value>
            </param>
            <param index="4">
              <value>
                <![CDATA[Error]]>
              </value>
            </param>
          </params>
          <reporter-output>
          </reporter-output>
        </test-method> <!-- TestAssertNotContains -->
        <test-method status="PASS" signature="TestAssertNotContains(java.lang.String, java.lang.String, java.lang.String, java.lang.String, java.lang.String)[pri:0, instance:raysullivan.unitTest.TestAdKeywords@2d127a61]" name="TestAssertNotContains" duration-ms="0" started-at="2017-07-06T10:45:30Z" description="TestAssertNotContains" data-provider="AssertNotContains" finished-at="2017-07-06T10:45:30Z">
          <params>
            <param index="0">
              <value>
                <![CDATA[${vname1}]]>
              </value>
            </param>
            <param index="1">
              <value>
                <![CDATA[This is a value]]>
              </value>
            </param>
            <param index="2">
              <value>
                <![CDATA[${vname2}]]>
              </value>
            </param>
            <param index="3">
              <value>
                <![CDATA[THIS IS A VALUE]]>
              </value>
            </param>
            <param index="4">
              <value>
                <![CDATA[Success]]>
              </value>
            </param>
          </params>
          <reporter-output>
          </reporter-output>
        </test-method> <!-- TestAssertNotContains -->
        <test-method status="PASS" signature="TestAssertNotContains(java.lang.String, java.lang.String, java.lang.String, java.lang.String, java.lang.String)[pri:0, instance:raysullivan.unitTest.TestAdKeywords@2d127a61]" name="TestAssertNotContains" duration-ms="0" started-at="2017-07-06T10:45:30Z" description="TestAssertNotContains" data-provider="AssertNotContains" finished-at="2017-07-06T10:45:30Z">
          <params>
            <param index="0">
              <value>
                <![CDATA[${vname1}]]>
              </value>
            </param>
            <param index="1">
              <value>
                <![CDATA[This is a value]]>
              </value>
            </param>
            <param index="2">
              <value>
                <![CDATA[${vname2}]]>
              </value>
            </param>
            <param index="3">
              <value>
                <![CDATA[ ]]>
              </value>
            </param>
            <param index="4">
              <value>
                <![CDATA[Error]]>
              </value>
            </param>
          </params>
          <reporter-output>
          </reporter-output>
        </test-method> <!-- TestAssertNotContains -->
        <test-method status="PASS" signature="TestAssertNotContains(java.lang.String, java.lang.String, java.lang.String, java.lang.String, java.lang.String)[pri:0, instance:raysullivan.unitTest.TestAdKeywords@2d127a61]" name="TestAssertNotContains" duration-ms="0" started-at="2017-07-06T10:45:30Z" description="TestAssertNotContains" data-provider="AssertNotContains" finished-at="2017-07-06T10:45:30Z">
          <params>
            <param index="0">
              <value>
                <![CDATA[${vname1}]]>
              </value>
            </param>
            <param index="1">
              <value>
                <![CDATA[This is a value]]>
              </value>
            </param>
            <param index="2">
              <value>
                <![CDATA[${vname2}]]>
              </value>
            </param>
            <param index="3">
              <value>
                <![CDATA[I want a horsey]]>
              </value>
            </param>
            <param index="4">
              <value>
                <![CDATA[Success]]>
              </value>
            </param>
          </params>
          <reporter-output>
          </reporter-output>
        </test-method> <!-- TestAssertNotContains -->
        <test-method status="PASS" signature="TestAssertNotContains(java.lang.String, java.lang.String, java.lang.String, java.lang.String, java.lang.String)[pri:0, instance:raysullivan.unitTest.TestAdKeywords@2d127a61]" name="TestAssertNotContains" duration-ms="0" started-at="2017-07-06T10:45:30Z" description="TestAssertNotContains" data-provider="AssertNotContains" finished-at="2017-07-06T10:45:30Z">
          <params>
            <param index="0">
              <value>
                <![CDATA[${vname1}]]>
              </value>
            </param>
            <param index="1">
              <value>
                <![CDATA[ ]]>
              </value>
            </param>
            <param index="2">
              <value>
                <![CDATA[${vname2}]]>
              </value>
            </param>
            <param index="3">
              <value>
                <![CDATA[I want a horsey]]>
              </value>
            </param>
            <param index="4">
              <value>
                <![CDATA[Success]]>
              </value>
            </param>
          </params>
          <reporter-output>
          </reporter-output>
        </test-method> <!-- TestAssertNotContains -->
        <test-method status="PASS" signature="TestAssertNotContains(java.lang.String, java.lang.String, java.lang.String, java.lang.String, java.lang.String)[pri:0, instance:raysullivan.unitTest.TestAdKeywords@2d127a61]" name="TestAssertNotContains" duration-ms="0" started-at="2017-07-06T10:45:30Z" description="TestAssertNotContains" data-provider="AssertNotContains" finished-at="2017-07-06T10:45:30Z">
          <params>
            <param index="0">
              <value>
                <![CDATA[${vname1}]]>
              </value>
            </param>
            <param index="1">
              <value>
                <![CDATA[This is a value]]>
              </value>
            </param>
            <param index="2">
              <value>
                <![CDATA[${vname2}]]>
              </value>
            </param>
            <param index="3">
              <value>
                <![CDATA[This is a value that I like]]>
              </value>
            </param>
            <param index="4">
              <value>
                <![CDATA[Success]]>
              </value>
            </param>
          </params>
          <reporter-output>
          </reporter-output>
        </test-method> <!-- TestAssertNotContains -->
        <test-method status="PASS" signature="TestAssertNotEquals(java.lang.String, java.lang.String, java.lang.String, java.lang.String, java.lang.String)[pri:0, instance:raysullivan.unitTest.TestAdKeywords@2d127a61]" name="TestAssertNotEquals" duration-ms="0" started-at="2017-07-06T10:45:30Z" description="TestAssertNotEquals" data-provider="AssertNotEquals" finished-at="2017-07-06T10:45:30Z">
          <params>
            <param index="0">
              <value>
                <![CDATA[${vname1}]]>
              </value>
            </param>
            <param index="1">
              <value>
                <![CDATA[this is an equal value]]>
              </value>
            </param>
            <param index="2">
              <value>
                <![CDATA[${vname2}]]>
              </value>
            </param>
            <param index="3">
              <value>
                <![CDATA[this is an equal value]]>
              </value>
            </param>
            <param index="4">
              <value>
                <![CDATA[Error]]>
              </value>
            </param>
          </params>
          <reporter-output>
          </reporter-output>
        </test-method> <!-- TestAssertNotEquals -->
        <test-method status="PASS" signature="TestAssertNotEquals(java.lang.String, java.lang.String, java.lang.String, java.lang.String, java.lang.String)[pri:0, instance:raysullivan.unitTest.TestAdKeywords@2d127a61]" name="TestAssertNotEquals" duration-ms="0" started-at="2017-07-06T10:45:30Z" description="TestAssertNotEquals" data-provider="AssertNotEquals" finished-at="2017-07-06T10:45:30Z">
          <params>
            <param index="0">
              <value>
                <![CDATA[${vname1}]]>
              </value>
            </param>
            <param index="1">
              <value>
                <![CDATA[THIS IS AN EQUAL VALUE]]>
              </value>
            </param>
            <param index="2">
              <value>
                <![CDATA[${vname2}]]>
              </value>
            </param>
            <param index="3">
              <value>
                <![CDATA[this is an equal value]]>
              </value>
            </param>
            <param index="4">
              <value>
                <![CDATA[Success]]>
              </value>
            </param>
          </params>
          <reporter-output>
          </reporter-output>
        </test-method> <!-- TestAssertNotEquals -->
        <test-method status="PASS" signature="TestAssertNotEquals(java.lang.String, java.lang.String, java.lang.String, java.lang.String, java.lang.String)[pri:0, instance:raysullivan.unitTest.TestAdKeywords@2d127a61]" name="TestAssertNotEquals" duration-ms="0" started-at="2017-07-06T10:45:30Z" description="TestAssertNotEquals" data-provider="AssertNotEquals" finished-at="2017-07-06T10:45:30Z">
          <params>
            <param index="0">
              <value>
                <![CDATA[${vname1}]]>
              </value>
            </param>
            <param index="1">
              <value>
                <![CDATA[this is an equal value]]>
              </value>
            </param>
            <param index="2">
              <value>
                <![CDATA[${vname2}]]>
              </value>
            </param>
            <param index="3">
              <value>
                <![CDATA[this is not an equal value]]>
              </value>
            </param>
            <param index="4">
              <value>
                <![CDATA[Success]]>
              </value>
            </param>
          </params>
          <reporter-output>
          </reporter-output>
        </test-method> <!-- TestAssertNotEquals -->
        <test-method status="PASS" signature="TestCreateVariable(java.lang.String, java.lang.String, java.lang.String, java.lang.String, java.lang.String)[pri:0, instance:raysullivan.unitTest.TestAdKeywords@2d127a61]" name="TestCreateVariable" duration-ms="0" started-at="2017-07-06T10:45:30Z" description="TestCreateVariable" data-provider="CreateVariable" finished-at="2017-07-06T10:45:30Z">
          <params>
            <param index="0">
              <value>
                <![CDATA[Merry Christmas]]>
              </value>
            </param>
            <param index="1">
              <value is-null="true"/>
            </param>
            <param index="2">
              <value is-null="true"/>
            </param>
            <param index="3">
              <value>
                <![CDATA[OPERATION]]>
              </value>
            </param>
            <param index="4">
              <value>
                <![CDATA[CREATEVARIABLE invalid: variable not declared.]]>
              </value>
            </param>
          </params>
          <reporter-output>
          </reporter-output>
        </test-method> <!-- TestCreateVariable -->
        <test-method status="PASS" signature="TestCreateVariable(java.lang.String, java.lang.String, java.lang.String, java.lang.String, java.lang.String)[pri:0, instance:raysullivan.unitTest.TestAdKeywords@2d127a61]" name="TestCreateVariable" duration-ms="0" started-at="2017-07-06T10:45:30Z" description="TestCreateVariable" data-provider="CreateVariable" finished-at="2017-07-06T10:45:30Z">
          <params>
            <param index="0">
              <value>
                <![CDATA[Merry Christmas]]>
              </value>
            </param>
            <param index="1">
              <value>
                <![CDATA[${variable}]]>
              </value>
            </param>
            <param index="2">
              <value is-null="true"/>
            </param>
            <param index="3">
              <value>
                <![CDATA[OPERATION]]>
              </value>
            </param>
            <param index="4">
              <value>
                <![CDATA[Success]]>
              </value>
            </param>
          </params>
          <reporter-output>
          </reporter-output>
        </test-method> <!-- TestCreateVariable -->
        <test-method status="PASS" signature="TestCreateVariable(java.lang.String, java.lang.String, java.lang.String, java.lang.String, java.lang.String)[pri:0, instance:raysullivan.unitTest.TestAdKeywords@2d127a61]" name="TestCreateVariable" duration-ms="1" started-at="2017-07-06T10:45:30Z" description="TestCreateVariable" data-provider="CreateVariable" finished-at="2017-07-06T10:45:30Z">
          <params>
            <param index="0">
              <value>
                <![CDATA[${variable2}]]>
              </value>
            </param>
            <param index="1">
              <value>
                <![CDATA[${variable}]]>
              </value>
            </param>
            <param index="2">
              <value is-null="true"/>
            </param>
            <param index="3">
              <value>
                <![CDATA[OPERATION]]>
              </value>
            </param>
            <param index="4">
              <value>
                <![CDATA[CREATEVARIABLE invalid: Value cannot be a variable.]]>
              </value>
            </param>
          </params>
          <reporter-output>
          </reporter-output>
        </test-method> <!-- TestCreateVariable -->
        <test-method status="PASS" signature="TestPause()[pri:0, instance:raysullivan.unitTest.TestAdKeywords@2d127a61]" name="TestPause" duration-ms="1001" started-at="2017-07-06T10:45:30Z" description="TestPause" finished-at="2017-07-06T10:45:31Z">
          <reporter-output>
          </reporter-output>
        </test-method> <!-- TestPause -->
        <test-method status="PASS" signature="TestPauseException(java.lang.String)[pri:0, instance:raysullivan.unitTest.TestAdKeywords@2d127a61]" name="TestPauseException" duration-ms="1" started-at="2017-07-06T10:45:31Z" description="TestPauseException" data-provider="PauseException" finished-at="2017-07-06T10:45:31Z">
          <params>
            <param index="0">
              <value>
                <![CDATA[0]]>
              </value>
            </param>
          </params>
          <exception class="raysullivan.operation.AdException">
            <message>
              <![CDATA[Error:  PAUSE duration must be a positive integer value]]>
            </message>
            <full-stacktrace>
              <![CDATA[raysullivan.operation.AdException: Error:  PAUSE duration must be a positive integer value
	at raysullivan.operation.AdKeywords.pause(AdKeywords.java:152)
	at raysullivan.unitTest.TestAdKeywords.TestPauseException(TestAdKeywords.java:58)
	at sun.reflect.NativeMethodAccessorImpl.invoke0(Native Method)
	at sun.reflect.NativeMethodAccessorImpl.invoke(Unknown Source)
	at sun.reflect.DelegatingMethodAccessorImpl.invoke(Unknown Source)
	at java.lang.reflect.Method.invoke(Unknown Source)
	at org.testng.internal.MethodInvocationHelper.invokeMethod(MethodInvocationHelper.java:80)
	at org.testng.internal.Invoker.invokeMethod(Invoker.java:714)
	at org.testng.internal.Invoker.invokeTestMethod(Invoker.java:901)
	at org.testng.internal.Invoker.invokeTestMethods(Invoker.java:1231)
	at org.testng.internal.TestMethodWorker.invokeTestMethods(TestMethodWorker.java:127)
	at org.testng.internal.TestMethodWorker.run(TestMethodWorker.java:111)
	at org.testng.TestRunner.privateRun(TestRunner.java:767)
	at org.testng.TestRunner.run(TestRunner.java:617)
	at org.testng.SuiteRunner.runTest(SuiteRunner.java:334)
	at org.testng.SuiteRunner.runSequentially(SuiteRunner.java:329)
	at org.testng.SuiteRunner.privateRun(SuiteRunner.java:291)
	at org.testng.SuiteRunner.run(SuiteRunner.java:240)
	at org.testng.SuiteRunnerWorker.runSuite(SuiteRunnerWorker.java:52)
	at org.testng.SuiteRunnerWorker.run(SuiteRunnerWorker.java:86)
	at org.testng.TestNG.runSuitesSequentially(TestNG.java:1198)
	at org.testng.TestNG.runSuitesLocally(TestNG.java:1123)
	at org.testng.TestNG.run(TestNG.java:1031)
	at org.testng.remote.AbstractRemoteTestNG.run(AbstractRemoteTestNG.java:132)
	at org.testng.remote.RemoteTestNG.initAndRun(RemoteTestNG.java:230)
	at org.testng.remote.RemoteTestNG.main(RemoteTestNG.java:76)
]]>
            </full-stacktrace>
          </exception> <!-- raysullivan.operation.AdException -->
          <reporter-output>
          </reporter-output>
        </test-method> <!-- TestPauseException -->
        <test-method status="PASS" signature="TestPauseException(java.lang.String)[pri:0, instance:raysullivan.unitTest.TestAdKeywords@2d127a61]" name="TestPauseException" duration-ms="0" started-at="2017-07-06T10:45:31Z" description="TestPauseException" data-provider="PauseException" finished-at="2017-07-06T10:45:31Z">
          <params>
            <param index="0">
              <value>
                <![CDATA[-1]]>
              </value>
            </param>
          </params>
          <exception class="raysullivan.operation.AdException">
            <message>
              <![CDATA[Error:  PAUSE duration must be a positive integer value]]>
            </message>
            <full-stacktrace>
              <![CDATA[raysullivan.operation.AdException: Error:  PAUSE duration must be a positive integer value
	at raysullivan.operation.AdKeywords.pause(AdKeywords.java:152)
	at raysullivan.unitTest.TestAdKeywords.TestPauseException(TestAdKeywords.java:58)
	at sun.reflect.NativeMethodAccessorImpl.invoke0(Native Method)
	at sun.reflect.NativeMethodAccessorImpl.invoke(Unknown Source)
	at sun.reflect.DelegatingMethodAccessorImpl.invoke(Unknown Source)
	at java.lang.reflect.Method.invoke(Unknown Source)
	at org.testng.internal.MethodInvocationHelper.invokeMethod(MethodInvocationHelper.java:80)
	at org.testng.internal.Invoker.invokeMethod(Invoker.java:714)
	at org.testng.internal.Invoker.invokeTestMethod(Invoker.java:901)
	at org.testng.internal.Invoker.invokeTestMethods(Invoker.java:1231)
	at org.testng.internal.TestMethodWorker.invokeTestMethods(TestMethodWorker.java:127)
	at org.testng.internal.TestMethodWorker.run(TestMethodWorker.java:111)
	at org.testng.TestRunner.privateRun(TestRunner.java:767)
	at org.testng.TestRunner.run(TestRunner.java:617)
	at org.testng.SuiteRunner.runTest(SuiteRunner.java:334)
	at org.testng.SuiteRunner.runSequentially(SuiteRunner.java:329)
	at org.testng.SuiteRunner.privateRun(SuiteRunner.java:291)
	at org.testng.SuiteRunner.run(SuiteRunner.java:240)
	at org.testng.SuiteRunnerWorker.runSuite(SuiteRunnerWorker.java:52)
	at org.testng.SuiteRunnerWorker.run(SuiteRunnerWorker.java:86)
	at org.testng.TestNG.runSuitesSequentially(TestNG.java:1198)
	at org.testng.TestNG.runSuitesLocally(TestNG.java:1123)
	at org.testng.TestNG.run(TestNG.java:1031)
	at org.testng.remote.AbstractRemoteTestNG.run(AbstractRemoteTestNG.java:132)
	at org.testng.remote.RemoteTestNG.initAndRun(RemoteTestNG.java:230)
	at org.testng.remote.RemoteTestNG.main(RemoteTestNG.java:76)
]]>
            </full-stacktrace>
          </exception> <!-- raysullivan.operation.AdException -->
          <reporter-output>
          </reporter-output>
        </test-method> <!-- TestPauseException -->
        <test-method status="PASS" signature="TestPauseException(java.lang.String)[pri:0, instance:raysullivan.unitTest.TestAdKeywords@2d127a61]" name="TestPauseException" duration-ms="2" started-at="2017-07-06T10:45:31Z" description="TestPauseException" data-provider="PauseException" finished-at="2017-07-06T10:45:31Z">
          <params>
            <param index="0">
              <value>
                <![CDATA[abc]]>
              </value>
            </param>
          </params>
          <exception class="raysullivan.operation.AdException">
            <message>
              <![CDATA[Error:  PAUSE duration must be a positive integer value]]>
            </message>
            <full-stacktrace>
              <![CDATA[raysullivan.operation.AdException: Error:  PAUSE duration must be a positive integer value
	at raysullivan.operation.AdKeywords.pause(AdKeywords.java:157)
	at raysullivan.unitTest.TestAdKeywords.TestPauseException(TestAdKeywords.java:58)
	at sun.reflect.NativeMethodAccessorImpl.invoke0(Native Method)
	at sun.reflect.NativeMethodAccessorImpl.invoke(Unknown Source)
	at sun.reflect.DelegatingMethodAccessorImpl.invoke(Unknown Source)
	at java.lang.reflect.Method.invoke(Unknown Source)
	at org.testng.internal.MethodInvocationHelper.invokeMethod(MethodInvocationHelper.java:80)
	at org.testng.internal.Invoker.invokeMethod(Invoker.java:714)
	at org.testng.internal.Invoker.invokeTestMethod(Invoker.java:901)
	at org.testng.internal.Invoker.invokeTestMethods(Invoker.java:1231)
	at org.testng.internal.TestMethodWorker.invokeTestMethods(TestMethodWorker.java:127)
	at org.testng.internal.TestMethodWorker.run(TestMethodWorker.java:111)
	at org.testng.TestRunner.privateRun(TestRunner.java:767)
	at org.testng.TestRunner.run(TestRunner.java:617)
	at org.testng.SuiteRunner.runTest(SuiteRunner.java:334)
	at org.testng.SuiteRunner.runSequentially(SuiteRunner.java:329)
	at org.testng.SuiteRunner.privateRun(SuiteRunner.java:291)
	at org.testng.SuiteRunner.run(SuiteRunner.java:240)
	at org.testng.SuiteRunnerWorker.runSuite(SuiteRunnerWorker.java:52)
	at org.testng.SuiteRunnerWorker.run(SuiteRunnerWorker.java:86)
	at org.testng.TestNG.runSuitesSequentially(TestNG.java:1198)
	at org.testng.TestNG.runSuitesLocally(TestNG.java:1123)
	at org.testng.TestNG.run(TestNG.java:1031)
	at org.testng.remote.AbstractRemoteTestNG.run(AbstractRemoteTestNG.java:132)
	at org.testng.remote.RemoteTestNG.initAndRun(RemoteTestNG.java:230)
	at org.testng.remote.RemoteTestNG.main(RemoteTestNG.java:76)
]]>
            </full-stacktrace>
          </exception> <!-- raysullivan.operation.AdException -->
          <reporter-output>
          </reporter-output>
        </test-method> <!-- TestPauseException -->
        <test-method status="PASS" signature="TestVariableHandler(java.lang.String, java.lang.String, java.lang.String, java.lang.String, java.lang.String)[pri:0, instance:raysullivan.unitTest.TestAdKeywords@2d127a61]" name="TestVariableHandler" duration-ms="4" started-at="2017-07-06T10:45:31Z" description="TestVariableHandler" data-provider="VariableHandler" finished-at="2017-07-06T10:45:31Z">
          <params>
            <param index="0">
              <value>
                <![CDATA[Merry Christmas]]>
              </value>
            </param>
            <param index="1">
              <value is-null="true"/>
            </param>
            <param index="2">
              <value is-null="true"/>
            </param>
            <param index="3">
              <value>
                <![CDATA[OPERATION]]>
              </value>
            </param>
            <param index="4">
              <value>
                <![CDATA[Merry Christmas]]>
              </value>
            </param>
          </params>
          <reporter-output>
          </reporter-output>
        </test-method> <!-- TestVariableHandler -->
        <test-method status="PASS" signature="TestVariableHandler(java.lang.String, java.lang.String, java.lang.String, java.lang.String, java.lang.String)[pri:0, instance:raysullivan.unitTest.TestAdKeywords@2d127a61]" name="TestVariableHandler" duration-ms="15" started-at="2017-07-06T10:45:31Z" description="TestVariableHandler" data-provider="VariableHandler" finished-at="2017-07-06T10:45:31Z">
          <params>
            <param index="0">
              <value>
                <![CDATA[Merry Christmas]]>
              </value>
            </param>
            <param index="1">
              <value>
                <![CDATA[${variable}]]>
              </value>
            </param>
            <param index="2">
              <value is-null="true"/>
            </param>
            <param index="3">
              <value>
                <![CDATA[OPERATION]]>
              </value>
            </param>
            <param index="4">
              <value>
                <![CDATA[Merry Christmas]]>
              </value>
            </param>
          </params>
          <reporter-output>
          </reporter-output>
        </test-method> <!-- TestVariableHandler -->
        <test-method status="PASS" signature="TestVariableHandler(java.lang.String, java.lang.String, java.lang.String, java.lang.String, java.lang.String)[pri:0, instance:raysullivan.unitTest.TestAdKeywords@2d127a61]" name="TestVariableHandler" duration-ms="2" started-at="2017-07-06T10:45:31Z" description="TestVariableHandler" data-provider="VariableHandler" finished-at="2017-07-06T10:45:31Z">
          <params>
            <param index="0">
              <value>
                <![CDATA[${variable2}]]>
              </value>
            </param>
            <param index="1">
              <value>
                <![CDATA[${variable}]]>
              </value>
            </param>
            <param index="2">
              <value is-null="true"/>
            </param>
            <param index="3">
              <value>
                <![CDATA[OPERATION]]>
              </value>
            </param>
            <param index="4">
              <value>
                <![CDATA[Merry Christmas]]>
              </value>
            </param>
          </params>
          <reporter-output>
          </reporter-output>
        </test-method> <!-- TestVariableHandler -->
        <test-method status="PASS" signature="TestVariableHandler(java.lang.String, java.lang.String, java.lang.String, java.lang.String, java.lang.String)[pri:0, instance:raysullivan.unitTest.TestAdKeywords@2d127a61]" name="TestVariableHandler" duration-ms="0" started-at="2017-07-06T10:45:31Z" description="TestVariableHandler" data-provider="VariableHandler" finished-at="2017-07-06T10:45:31Z">
          <params>
            <param index="0">
              <value>
                <![CDATA[10.00]]>
              </value>
            </param>
            <param index="1">
              <value>
                <![CDATA[${variable}]]>
              </value>
            </param>
            <param index="2">
              <value>
                <![CDATA[TEXT]]>
              </value>
            </param>
            <param index="3">
              <value>
                <![CDATA[OPERATION]]>
              </value>
            </param>
            <param index="4">
              <value>
                <![CDATA[10]]>
              </value>
            </param>
          </params>
          <reporter-output>
          </reporter-output>
        </test-method> <!-- TestVariableHandler -->
        <test-method status="PASS" signature="TestVariableHandler(java.lang.String, java.lang.String, java.lang.String, java.lang.String, java.lang.String)[pri:0, instance:raysullivan.unitTest.TestAdKeywords@2d127a61]" name="TestVariableHandler" duration-ms="0" started-at="2017-07-06T10:45:31Z" description="TestVariableHandler" data-provider="VariableHandler" finished-at="2017-07-06T10:45:31Z">
          <params>
            <param index="0">
              <value>
                <![CDATA[10]]>
              </value>
            </param>
            <param index="1">
              <value>
                <![CDATA[${variable}]]>
              </value>
            </param>
            <param index="2">
              <value>
                <![CDATA[DECIMAL]]>
              </value>
            </param>
            <param index="3">
              <value>
                <![CDATA[OPERATION]]>
              </value>
            </param>
            <param index="4">
              <value>
                <![CDATA[10.00]]>
              </value>
            </param>
          </params>
          <reporter-output>
          </reporter-output>
        </test-method> <!-- TestVariableHandler -->
        <test-method status="PASS" signature="TestVariableHandler(java.lang.String, java.lang.String, java.lang.String, java.lang.String, java.lang.String)[pri:0, instance:raysullivan.unitTest.TestAdKeywords@2d127a61]" name="TestVariableHandler" duration-ms="0" started-at="2017-07-06T10:45:31Z" description="TestVariableHandler" data-provider="VariableHandler" finished-at="2017-07-06T10:45:31Z">
          <params>
            <param index="0">
              <value>
                <![CDATA[10.00]]>
              </value>
            </param>
            <param index="1">
              <value>
                <![CDATA[${variable}]]>
              </value>
            </param>
            <param index="2">
              <value is-null="true"/>
            </param>
            <param index="3">
              <value>
                <![CDATA[PAUSE]]>
              </value>
            </param>
            <param index="4">
              <value>
                <![CDATA[10]]>
              </value>
            </param>
          </params>
          <reporter-output>
          </reporter-output>
        </test-method> <!-- TestVariableHandler -->
        <test-method status="PASS" signature="TestVariableHandler(java.lang.String, java.lang.String, java.lang.String, java.lang.String, java.lang.String)[pri:0, instance:raysullivan.unitTest.TestAdKeywords@2d127a61]" name="TestVariableHandler" duration-ms="1" started-at="2017-07-06T10:45:31Z" description="TestVariableHandler" data-provider="VariableHandler" finished-at="2017-07-06T10:45:31Z">
          <params>
            <param index="0">
              <value>
                <![CDATA[10.00]]>
              </value>
            </param>
            <param index="1">
              <value is-null="true"/>
            </param>
            <param index="2">
              <value is-null="true"/>
            </param>
            <param index="3">
              <value>
                <![CDATA[PAUSE]]>
              </value>
            </param>
            <param index="4">
              <value>
                <![CDATA[10]]>
              </value>
            </param>
          </params>
          <reporter-output>
          </reporter-output>
        </test-method> <!-- TestVariableHandler -->
        <test-method status="PASS" signature="TestVariableHandler(java.lang.String, java.lang.String, java.lang.String, java.lang.String, java.lang.String)[pri:0, instance:raysullivan.unitTest.TestAdKeywords@2d127a61]" name="TestVariableHandler" duration-ms="1" started-at="2017-07-06T10:45:31Z" description="TestVariableHandler" data-provider="VariableHandler" finished-at="2017-07-06T10:45:31Z">
          <params>
            <param index="0">
              <value>
                <![CDATA[10.00]]>
              </value>
            </param>
            <param index="1">
              <value>
                <![CDATA[${variable}]]>
              </value>
            </param>
            <param index="2">
              <value is-null="true"/>
            </param>
            <param index="3">
              <value>
                <![CDATA[CLICKANDHOLD]]>
              </value>
            </param>
            <param index="4">
              <value>
                <![CDATA[10]]>
              </value>
            </param>
          </params>
          <reporter-output>
          </reporter-output>
        </test-method> <!-- TestVariableHandler -->
        <test-method status="PASS" signature="TestVariableHandler(java.lang.String, java.lang.String, java.lang.String, java.lang.String, java.lang.String)[pri:0, instance:raysullivan.unitTest.TestAdKeywords@2d127a61]" name="TestVariableHandler" duration-ms="0" started-at="2017-07-06T10:45:31Z" description="TestVariableHandler" data-provider="VariableHandler" finished-at="2017-07-06T10:45:31Z">
          <params>
            <param index="0">
              <value>
                <![CDATA[10.00]]>
              </value>
            </param>
            <param index="1">
              <value is-null="true"/>
            </param>
            <param index="2">
              <value is-null="true"/>
            </param>
            <param index="3">
              <value>
                <![CDATA[CLICKANDHOLD]]>
              </value>
            </param>
            <param index="4">
              <value>
                <![CDATA[10]]>
              </value>
            </param>
          </params>
          <reporter-output>
          </reporter-output>
        </test-method> <!-- TestVariableHandler -->
        <test-method status="PASS" signature="TestVariableHandler(java.lang.String, java.lang.String, java.lang.String, java.lang.String, java.lang.String)[pri:0, instance:raysullivan.unitTest.TestAdKeywords@2d127a61]" name="TestVariableHandler" duration-ms="0" started-at="2017-07-06T10:45:31Z" description="TestVariableHandler" data-provider="VariableHandler" finished-at="2017-07-06T10:45:31Z">
          <params>
            <param index="0">
              <value>
                <![CDATA[0.00]]>
              </value>
            </param>
            <param index="1">
              <value>
                <![CDATA[${variable}]]>
              </value>
            </param>
            <param index="2">
              <value is-null="true"/>
            </param>
            <param index="3">
              <value>
                <![CDATA[SELECTBYINDEX]]>
              </value>
            </param>
            <param index="4">
              <value>
                <![CDATA[0]]>
              </value>
            </param>
          </params>
          <reporter-output>
          </reporter-output>
        </test-method> <!-- TestVariableHandler -->
        <test-method status="PASS" signature="TestVariableHandler(java.lang.String, java.lang.String, java.lang.String, java.lang.String, java.lang.String)[pri:0, instance:raysullivan.unitTest.TestAdKeywords@2d127a61]" name="TestVariableHandler" duration-ms="0" started-at="2017-07-06T10:45:31Z" description="TestVariableHandler" data-provider="VariableHandler" finished-at="2017-07-06T10:45:31Z">
          <params>
            <param index="0">
              <value>
                <![CDATA[10.00]]>
              </value>
            </param>
            <param index="1">
              <value is-null="true"/>
            </param>
            <param index="2">
              <value is-null="true"/>
            </param>
            <param index="3">
              <value>
                <![CDATA[SELECTBYINDEX]]>
              </value>
            </param>
            <param index="4">
              <value>
                <![CDATA[10]]>
              </value>
            </param>
          </params>
          <reporter-output>
          </reporter-output>
        </test-method> <!-- TestVariableHandler -->
        <test-method status="PASS" signature="TestVariableHandler(java.lang.String, java.lang.String, java.lang.String, java.lang.String, java.lang.String)[pri:0, instance:raysullivan.unitTest.TestAdKeywords@2d127a61]" name="TestVariableHandler" duration-ms="1" started-at="2017-07-06T10:45:31Z" description="TestVariableHandler" data-provider="VariableHandler" finished-at="2017-07-06T10:45:31Z">
          <params>
            <param index="0">
              <value>
                <![CDATA[0.00]]>
              </value>
            </param>
            <param index="1">
              <value>
                <![CDATA[${variable}]]>
              </value>
            </param>
            <param index="2">
              <value is-null="true"/>
            </param>
            <param index="3">
              <value>
                <![CDATA[DESELECTBYINDEX]]>
              </value>
            </param>
            <param index="4">
              <value>
                <![CDATA[0]]>
              </value>
            </param>
          </params>
          <reporter-output>
          </reporter-output>
        </test-method> <!-- TestVariableHandler -->
        <test-method status="PASS" signature="TestVariableHandler(java.lang.String, java.lang.String, java.lang.String, java.lang.String, java.lang.String)[pri:0, instance:raysullivan.unitTest.TestAdKeywords@2d127a61]" name="TestVariableHandler" duration-ms="1" started-at="2017-07-06T10:45:31Z" description="TestVariableHandler" data-provider="VariableHandler" finished-at="2017-07-06T10:45:31Z">
          <params>
            <param index="0">
              <value>
                <![CDATA[10.00]]>
              </value>
            </param>
            <param index="1">
              <value is-null="true"/>
            </param>
            <param index="2">
              <value is-null="true"/>
            </param>
            <param index="3">
              <value>
                <![CDATA[DESELECTBYINDEX]]>
              </value>
            </param>
            <param index="4">
              <value>
                <![CDATA[10]]>
              </value>
            </param>
          </params>
          <reporter-output>
          </reporter-output>
        </test-method> <!-- TestVariableHandler -->
        <test-method status="PASS" signature="TestVariableHandler(java.lang.String, java.lang.String, java.lang.String, java.lang.String, java.lang.String)[pri:0, instance:raysullivan.unitTest.TestAdKeywords@2d127a61]" name="TestVariableHandler" duration-ms="1" started-at="2017-07-06T10:45:31Z" description="TestVariableHandler" data-provider="VariableHandler" finished-at="2017-07-06T10:45:31Z">
          <params>
            <param index="0">
              <value>
                <![CDATA[UbvSbIXxhSqpFp895+teXA==]]>
              </value>
            </param>
            <param index="1">
              <value is-null="true"/>
            </param>
            <param index="2">
              <value>
                <![CDATA[ENCRYPT]]>
              </value>
            </param>
            <param index="3">
              <value>
                <![CDATA[OPERATION]]>
              </value>
            </param>
            <param index="4">
              <value>
                <![CDATA[Trummino65]]>
              </value>
            </param>
          </params>
          <reporter-output>
          </reporter-output>
        </test-method> <!-- TestVariableHandler -->
      </class> <!-- raysullivan.unitTest.TestAdKeywords -->
      <class name="raysullivan.unitTest.TestAdVariable">
        <test-method status="PASS" signature="isAVariableTest(java.lang.String, boolean)[pri:0, instance:raysullivan.unitTest.TestAdVariable@46238e3f]" name="isAVariableTest" duration-ms="12" started-at="2017-07-06T10:45:32Z" description="validateisAVariable" data-provider="isAVariable" finished-at="2017-07-06T10:45:32Z">
          <params>
            <param index="0">
              <value>
                <![CDATA[${ValidVariableName}]]>
              </value>
            </param>
            <param index="1">
              <value>
                <![CDATA[true]]>
              </value>
            </param>
          </params>
          <reporter-output>
          </reporter-output>
        </test-method> <!-- isAVariableTest -->
        <test-method status="PASS" signature="isAVariableTest(java.lang.String, boolean)[pri:0, instance:raysullivan.unitTest.TestAdVariable@46238e3f]" name="isAVariableTest" duration-ms="1" started-at="2017-07-06T10:45:32Z" description="validateisAVariable" data-provider="isAVariable" finished-at="2017-07-06T10:45:32Z">
          <params>
            <param index="0">
              <value>
                <![CDATA[${Valid.Variable}]]>
              </value>
            </param>
            <param index="1">
              <value>
                <![CDATA[true]]>
              </value>
            </param>
          </params>
          <reporter-output>
          </reporter-output>
        </test-method> <!-- isAVariableTest -->
        <test-method status="PASS" signature="isAVariableTest(java.lang.String, boolean)[pri:0, instance:raysullivan.unitTest.TestAdVariable@46238e3f]" name="isAVariableTest" duration-ms="0" started-at="2017-07-06T10:45:32Z" description="validateisAVariable" data-provider="isAVariable" finished-at="2017-07-06T10:45:32Z">
          <params>
            <param index="0">
              <value>
                <![CDATA[${a}]]>
              </value>
            </param>
            <param index="1">
              <value>
                <![CDATA[true]]>
              </value>
            </param>
          </params>
          <reporter-output>
          </reporter-output>
        </test-method> <!-- isAVariableTest -->
        <test-method status="PASS" signature="isAVariableTest(java.lang.String, boolean)[pri:0, instance:raysullivan.unitTest.TestAdVariable@46238e3f]" name="isAVariableTest" duration-ms="0" started-at="2017-07-06T10:45:32Z" description="validateisAVariable" data-provider="isAVariable" finished-at="2017-07-06T10:45:32Z">
          <params>
            <param index="0">
              <value>
                <![CDATA[${Truncated_Long_Vari}able]]>
              </value>
            </param>
            <param index="1">
              <value>
                <![CDATA[true]]>
              </value>
            </param>
          </params>
          <reporter-output>
          </reporter-output>
        </test-method> <!-- isAVariableTest -->
        <test-method status="PASS" signature="isAVariableTest(java.lang.String, boolean)[pri:0, instance:raysullivan.unitTest.TestAdVariable@46238e3f]" name="isAVariableTest" duration-ms="0" started-at="2017-07-06T10:45:32Z" description="validateisAVariable" data-provider="isAVariable" finished-at="2017-07-06T10:45:32Z">
          <params>
            <param index="0">
              <value>
                <![CDATA[${Valid_Really_Long_Variable}]]>
              </value>
            </param>
            <param index="1">
              <value>
                <![CDATA[true]]>
              </value>
            </param>
          </params>
          <reporter-output>
          </reporter-output>
        </test-method> <!-- isAVariableTest -->
        <test-method status="PASS" signature="isAVariableTest(java.lang.String, boolean)[pri:0, instance:raysullivan.unitTest.TestAdVariable@46238e3f]" name="isAVariableTest" duration-ms="1" started-at="2017-07-06T10:45:32Z" description="validateisAVariable" data-provider="isAVariable" finished-at="2017-07-06T10:45:32Z">
          <params>
            <param index="0">
              <value>
                <![CDATA[{NotaVariable}]]>
              </value>
            </param>
            <param index="1">
              <value>
                <![CDATA[false]]>
              </value>
            </param>
          </params>
          <reporter-output>
          </reporter-output>
        </test-method> <!-- isAVariableTest -->
        <test-method status="PASS" signature="isAVariableTest(java.lang.String, boolean)[pri:0, instance:raysullivan.unitTest.TestAdVariable@46238e3f]" name="isAVariableTest" duration-ms="0" started-at="2017-07-06T10:45:32Z" description="validateisAVariable" data-provider="isAVariable" finished-at="2017-07-06T10:45:32Z">
          <params>
            <param index="0">
              <value>
                <![CDATA[Not a Variable]]>
              </value>
            </param>
            <param index="1">
              <value>
                <![CDATA[false]]>
              </value>
            </param>
          </params>
          <reporter-output>
          </reporter-output>
        </test-method> <!-- isAVariableTest -->
        <test-method status="PASS" signature="isAVariableTest(java.lang.String, boolean)[pri:0, instance:raysullivan.unitTest.TestAdVariable@46238e3f]" name="isAVariableTest" duration-ms="0" started-at="2017-07-06T10:45:32Z" description="validateisAVariable" data-provider="isAVariable" finished-at="2017-07-06T10:45:32Z">
          <params>
            <param index="0">
              <value>
                <![CDATA[{NotaVariable]]>
              </value>
            </param>
            <param index="1">
              <value>
                <![CDATA[false]]>
              </value>
            </param>
          </params>
          <reporter-output>
          </reporter-output>
        </test-method> <!-- isAVariableTest -->
        <test-method status="PASS" signature="isAVariableTest(java.lang.String, boolean)[pri:0, instance:raysullivan.unitTest.TestAdVariable@46238e3f]" name="isAVariableTest" duration-ms="0" started-at="2017-07-06T10:45:32Z" description="validateisAVariable" data-provider="isAVariable" finished-at="2017-07-06T10:45:32Z">
          <params>
            <param index="0">
              <value>
                <![CDATA[NotaVariable}]]>
              </value>
            </param>
            <param index="1">
              <value>
                <![CDATA[false]]>
              </value>
            </param>
          </params>
          <reporter-output>
          </reporter-output>
        </test-method> <!-- isAVariableTest -->
        <test-method status="PASS" signature="isAVariableTest(java.lang.String, boolean)[pri:0, instance:raysullivan.unitTest.TestAdVariable@46238e3f]" name="isAVariableTest" duration-ms="1" started-at="2017-07-06T10:45:32Z" description="validateisAVariable" data-provider="isAVariable" finished-at="2017-07-06T10:45:32Z">
          <params>
            <param index="0">
              <value>
                <![CDATA[nv]]>
              </value>
            </param>
            <param index="1">
              <value>
                <![CDATA[false]]>
              </value>
            </param>
          </params>
          <reporter-output>
          </reporter-output>
        </test-method> <!-- isAVariableTest -->
        <test-method status="PASS" signature="isAVariableTest(java.lang.String, boolean)[pri:0, instance:raysullivan.unitTest.TestAdVariable@46238e3f]" name="isAVariableTest" duration-ms="0" started-at="2017-07-06T10:45:32Z" description="validateisAVariable" data-provider="isAVariable" finished-at="2017-07-06T10:45:32Z">
          <params>
            <param index="0">
              <value>
                <![CDATA[n]]>
              </value>
            </param>
            <param index="1">
              <value>
                <![CDATA[false]]>
              </value>
            </param>
          </params>
          <reporter-output>
          </reporter-output>
        </test-method> <!-- isAVariableTest -->
        <test-method status="PASS" signature="isAVariableTest(java.lang.String, boolean)[pri:0, instance:raysullivan.unitTest.TestAdVariable@46238e3f]" name="isAVariableTest" duration-ms="1" started-at="2017-07-06T10:45:32Z" description="validateisAVariable" data-provider="isAVariable" finished-at="2017-07-06T10:45:32Z">
          <params>
            <param index="0">
              <value>
                <![CDATA[]]>
              </value>
            </param>
            <param index="1">
              <value>
                <![CDATA[false]]>
              </value>
            </param>
          </params>
          <reporter-output>
          </reporter-output>
        </test-method> <!-- isAVariableTest -->
        <test-method status="PASS" signature="isAVariableTest(java.lang.String, boolean)[pri:0, instance:raysullivan.unitTest.TestAdVariable@46238e3f]" name="isAVariableTest" duration-ms="0" started-at="2017-07-06T10:45:32Z" description="validateisAVariable" data-provider="isAVariable" finished-at="2017-07-06T10:45:32Z">
          <params>
            <param index="0">
              <value>
                <![CDATA[nva]]>
              </value>
            </param>
            <param index="1">
              <value>
                <![CDATA[false]]>
              </value>
            </param>
          </params>
          <reporter-output>
          </reporter-output>
        </test-method> <!-- isAVariableTest -->
        <test-method status="PASS" signature="isAVariableTest(java.lang.String, boolean)[pri:0, instance:raysullivan.unitTest.TestAdVariable@46238e3f]" name="isAVariableTest" duration-ms="0" started-at="2017-07-06T10:45:32Z" description="validateisAVariable" data-provider="isAVariable" finished-at="2017-07-06T10:45:32Z">
          <params>
            <param index="0">
              <value is-null="true"/>
            </param>
            <param index="1">
              <value>
                <![CDATA[false]]>
              </value>
            </param>
          </params>
          <reporter-output>
          </reporter-output>
        </test-method> <!-- isAVariableTest -->
        <test-method status="PASS" signature="setVariableAndOverwrite(java.lang.String, java.lang.String, java.lang.String)[pri:0, instance:raysullivan.unitTest.TestAdVariable@46238e3f]" name="setVariableAndOverwrite" duration-ms="1" started-at="2017-07-06T10:45:32Z" description="setVariableAndOverwrite" data-provider="setVariableOverwrite" finished-at="2017-07-06T10:45:32Z">
          <params>
            <param index="0">
              <value>
                <![CDATA[${user.name}]]>
              </value>
            </param>
            <param index="1">
              <value>
                <![CDATA[Heidi Mc Natt]]>
              </value>
            </param>
            <param index="2">
              <value>
                <![CDATA[Heidi McNatt]]>
              </value>
            </param>
          </params>
          <reporter-output>
          </reporter-output>
        </test-method> <!-- setVariableAndOverwrite -->
        <test-method status="PASS" signature="setVariableAndOverwrite(java.lang.String, java.lang.String, java.lang.String)[pri:0, instance:raysullivan.unitTest.TestAdVariable@46238e3f]" name="setVariableAndOverwrite" duration-ms="0" started-at="2017-07-06T10:45:32Z" description="setVariableAndOverwrite" data-provider="setVariableOverwrite" finished-at="2017-07-06T10:45:32Z">
          <params>
            <param index="0">
              <value>
                <![CDATA[${user.name}]]>
              </value>
            </param>
            <param index="1">
              <value>
                <![CDATA[Heidi Mc Natt]]>
              </value>
            </param>
            <param index="2">
              <value>
                <![CDATA[Curious George]]>
              </value>
            </param>
          </params>
          <reporter-output>
          </reporter-output>
        </test-method> <!-- setVariableAndOverwrite -->
        <test-method status="PASS" signature="setVariableAndOverwrite(java.lang.String, java.lang.String, java.lang.String)[pri:0, instance:raysullivan.unitTest.TestAdVariable@46238e3f]" name="setVariableAndOverwrite" duration-ms="0" started-at="2017-07-06T10:45:32Z" description="setVariableAndOverwrite" data-provider="setVariableOverwrite" finished-at="2017-07-06T10:45:32Z">
          <params>
            <param index="0">
              <value>
                <![CDATA[${user.name}]]>
              </value>
            </param>
            <param index="1">
              <value>
                <![CDATA[Heidi Mc Natt]]>
              </value>
            </param>
            <param index="2">
              <value>
                <![CDATA[]]>
              </value>
            </param>
          </params>
          <reporter-output>
          </reporter-output>
        </test-method> <!-- setVariableAndOverwrite -->
        <test-method status="PASS" signature="setVariableMultiple(java.lang.String, java.lang.String, java.lang.String, java.lang.String)[pri:0, instance:raysullivan.unitTest.TestAdVariable@46238e3f]" name="setVariableMultiple" duration-ms="8" started-at="2017-07-06T10:45:32Z" description="setVariableMultiple" data-provider="setVariableMultiple" finished-at="2017-07-06T10:45:32Z">
          <params>
            <param index="0">
              <value>
                <![CDATA[${user.name}]]>
              </value>
            </param>
            <param index="1">
              <value>
                <![CDATA[Heidi Mc Natt]]>
              </value>
            </param>
            <param index="2">
              <value>
                <![CDATA[${animal.name}]]>
              </value>
            </param>
            <param index="3">
              <value>
                <![CDATA[Curious George]]>
              </value>
            </param>
          </params>
          <reporter-output>
          </reporter-output>
        </test-method> <!-- setVariableMultiple -->
        <test-method status="PASS" signature="validateAssertVariables(java.lang.String, java.lang.String)[pri:0, instance:raysullivan.unitTest.TestAdVariable@46238e3f]" name="validateAssertVariables" duration-ms="1" started-at="2017-07-06T10:45:32Z" description="validateAssertVariables" data-provider="assertVariables" finished-at="2017-07-06T10:45:32Z">
          <params>
            <param index="0">
              <value>
                <![CDATA[${user.name}]]>
              </value>
            </param>
            <param index="1">
              <value>
                <![CDATA[${user.name}]]>
              </value>
            </param>
          </params>
          <exception class="raysullivan.operation.AdException">
            <message>
              <![CDATA[Error:  Cannot compare a variable to itself.]]>
            </message>
            <full-stacktrace>
              <![CDATA[raysullivan.operation.AdException: Error:  Cannot compare a variable to itself.
	at raysullivan.operation.AdVariable.checkAssertVariables(AdVariable.java:94)
	at raysullivan.unitTest.TestAdVariable.validateAssertVariables(TestAdVariable.java:48)
	at sun.reflect.NativeMethodAccessorImpl.invoke0(Native Method)
	at sun.reflect.NativeMethodAccessorImpl.invoke(Unknown Source)
	at sun.reflect.DelegatingMethodAccessorImpl.invoke(Unknown Source)
	at java.lang.reflect.Method.invoke(Unknown Source)
	at org.testng.internal.MethodInvocationHelper.invokeMethod(MethodInvocationHelper.java:80)
	at org.testng.internal.Invoker.invokeMethod(Invoker.java:714)
	at org.testng.internal.Invoker.invokeTestMethod(Invoker.java:901)
	at org.testng.internal.Invoker.invokeTestMethods(Invoker.java:1231)
	at org.testng.internal.TestMethodWorker.invokeTestMethods(TestMethodWorker.java:127)
	at org.testng.internal.TestMethodWorker.run(TestMethodWorker.java:111)
	at org.testng.TestRunner.privateRun(TestRunner.java:767)
	at org.testng.TestRunner.run(TestRunner.java:617)
	at org.testng.SuiteRunner.runTest(SuiteRunner.java:334)
	at org.testng.SuiteRunner.runSequentially(SuiteRunner.java:329)
	at org.testng.SuiteRunner.privateRun(SuiteRunner.java:291)
	at org.testng.SuiteRunner.run(SuiteRunner.java:240)
	at org.testng.SuiteRunnerWorker.runSuite(SuiteRunnerWorker.java:52)
	at org.testng.SuiteRunnerWorker.run(SuiteRunnerWorker.java:86)
	at org.testng.TestNG.runSuitesSequentially(TestNG.java:1198)
	at org.testng.TestNG.runSuitesLocally(TestNG.java:1123)
	at org.testng.TestNG.run(TestNG.java:1031)
	at org.testng.remote.AbstractRemoteTestNG.run(AbstractRemoteTestNG.java:132)
	at org.testng.remote.RemoteTestNG.initAndRun(RemoteTestNG.java:230)
	at org.testng.remote.RemoteTestNG.main(RemoteTestNG.java:76)
]]>
            </full-stacktrace>
          </exception> <!-- raysullivan.operation.AdException -->
          <reporter-output>
          </reporter-output>
        </test-method> <!-- validateAssertVariables -->
        <test-method status="PASS" signature="setVariableMultiple(java.lang.String, java.lang.String, java.lang.String, java.lang.String)[pri:0, instance:raysullivan.unitTest.TestAdVariable@46238e3f]" name="setVariableMultiple" duration-ms="0" started-at="2017-07-06T10:45:32Z" description="setVariableMultiple" data-provider="setVariableMultiple" finished-at="2017-07-06T10:45:32Z">
          <params>
            <param index="0">
              <value>
                <![CDATA[${user.name}]]>
              </value>
            </param>
            <param index="1">
              <value>
                <![CDATA[Heidi Mc Natt]]>
              </value>
            </param>
            <param index="2">
              <value>
                <![CDATA[${full.name}]]>
              </value>
            </param>
            <param index="3">
              <value>
                <![CDATA[Hildred F. Mc Natt III]]>
              </value>
            </param>
          </params>
          <reporter-output>
          </reporter-output>
        </test-method> <!-- setVariableMultiple -->
        <test-method status="PASS" signature="validateVariable(java.lang.String, java.lang.String)[pri:0, instance:raysullivan.unitTest.TestAdVariable@46238e3f]" name="validateVariable" duration-ms="0" started-at="2017-07-06T10:45:32Z" description="validateVariable" data-provider="validVariableNames" finished-at="2017-07-06T10:45:32Z">
          <params>
            <param index="0">
              <value>
                <![CDATA[${ValidVariableName}]]>
              </value>
            </param>
            <param index="1">
              <value>
                <![CDATA[${ValidVariableName}]]>
              </value>
            </param>
          </params>
          <reporter-output>
          </reporter-output>
        </test-method> <!-- validateVariable -->
        <test-method status="PASS" signature="validateVariable(java.lang.String, java.lang.String)[pri:0, instance:raysullivan.unitTest.TestAdVariable@46238e3f]" name="validateVariable" duration-ms="0" started-at="2017-07-06T10:45:32Z" description="validateVariable" data-provider="validVariableNames" finished-at="2017-07-06T10:45:32Z">
          <params>
            <param index="0">
              <value>
                <![CDATA[${Valid.Variable}]]>
              </value>
            </param>
            <param index="1">
              <value>
                <![CDATA[${Valid.Variable}]]>
              </value>
            </param>
          </params>
          <reporter-output>
          </reporter-output>
        </test-method> <!-- validateVariable -->
        <test-method status="PASS" signature="validateVariable(java.lang.String, java.lang.String)[pri:0, instance:raysullivan.unitTest.TestAdVariable@46238e3f]" name="validateVariable" duration-ms="4" started-at="2017-07-06T10:45:32Z" description="validateVariable" data-provider="validVariableNames" finished-at="2017-07-06T10:45:32Z">
          <params>
            <param index="0">
              <value>
                <![CDATA[${Valid_Really_Long_Variable}]]>
              </value>
            </param>
            <param index="1">
              <value>
                <![CDATA[${Valid_Really_Long_Variable}]]>
              </value>
            </param>
          </params>
          <reporter-output>
          </reporter-output>
        </test-method> <!-- validateVariable -->
        <test-method status="PASS" signature="validateVariable(java.lang.String, java.lang.String)[pri:0, instance:raysullivan.unitTest.TestAdVariable@46238e3f]" name="validateVariable" duration-ms="0" started-at="2017-07-06T10:45:32Z" description="validateVariable" data-provider="validVariableNames" finished-at="2017-07-06T10:45:32Z">
          <params>
            <param index="0">
              <value>
                <![CDATA[${a}]]>
              </value>
            </param>
            <param index="1">
              <value>
                <![CDATA[${a}]]>
              </value>
            </param>
          </params>
          <reporter-output>
          </reporter-output>
        </test-method> <!-- validateVariable -->
        <test-method status="PASS" signature="validateVariable(java.lang.String, java.lang.String)[pri:0, instance:raysullivan.unitTest.TestAdVariable@46238e3f]" name="validateVariable" duration-ms="0" started-at="2017-07-06T10:45:32Z" description="validateVariable" data-provider="validVariableNames" finished-at="2017-07-06T10:45:32Z">
          <params>
            <param index="0">
              <value>
                <![CDATA[${Truncated_Long_Vari}able]]>
              </value>
            </param>
            <param index="1">
              <value>
                <![CDATA[${Truncated_Long_Vari}]]>
              </value>
            </param>
          </params>
          <reporter-output>
          </reporter-output>
        </test-method> <!-- validateVariable -->
        <test-method status="PASS" signature="validateVariableInvalid(java.lang.String, java.lang.String)[pri:0, instance:raysullivan.unitTest.TestAdVariable@46238e3f]" name="validateVariableInvalid" duration-ms="0" started-at="2017-07-06T10:45:32Z" description="validateVariableInvalid" data-provider="invalidVariableNames" finished-at="2017-07-06T10:45:32Z">
          <params>
            <param index="0">
              <value>
                <![CDATA[${Invalid VariableName}]]>
              </value>
            </param>
            <param index="1">
              <value>
                <![CDATA[${Invalid VariableName}]]>
              </value>
            </param>
          </params>
          <exception class="raysullivan.operation.AdException">
            <message>
              <![CDATA[Variable 'Invalid VariableName' cannot contain whitespace]]>
            </message>
            <full-stacktrace>
              <![CDATA[raysullivan.operation.AdException: Variable 'Invalid VariableName' cannot contain whitespace
	at raysullivan.operation.AdVariable.checkWhitespace(AdVariable.java:87)
	at raysullivan.operation.AdVariable.validateVariableName(AdVariable.java:51)
	at raysullivan.unitTest.TestAdVariable.validateVariableInvalid(TestAdVariable.java:23)
	at sun.reflect.NativeMethodAccessorImpl.invoke0(Native Method)
	at sun.reflect.NativeMethodAccessorImpl.invoke(Unknown Source)
	at sun.reflect.DelegatingMethodAccessorImpl.invoke(Unknown Source)
	at java.lang.reflect.Method.invoke(Unknown Source)
	at org.testng.internal.MethodInvocationHelper.invokeMethod(MethodInvocationHelper.java:80)
	at org.testng.internal.Invoker.invokeMethod(Invoker.java:714)
	at org.testng.internal.Invoker.invokeTestMethod(Invoker.java:901)
	at org.testng.internal.Invoker.invokeTestMethods(Invoker.java:1231)
	at org.testng.internal.TestMethodWorker.invokeTestMethods(TestMethodWorker.java:127)
	at org.testng.internal.TestMethodWorker.run(TestMethodWorker.java:111)
	at org.testng.TestRunner.privateRun(TestRunner.java:767)
	at org.testng.TestRunner.run(TestRunner.java:617)
	at org.testng.SuiteRunner.runTest(SuiteRunner.java:334)
	at org.testng.SuiteRunner.runSequentially(SuiteRunner.java:329)
	at org.testng.SuiteRunner.privateRun(SuiteRunner.java:291)
	at org.testng.SuiteRunner.run(SuiteRunner.java:240)
	at org.testng.SuiteRunnerWorker.runSuite(SuiteRunnerWorker.java:52)
	at org.testng.SuiteRunnerWorker.run(SuiteRunnerWorker.java:86)
	at org.testng.TestNG.runSuitesSequentially(TestNG.java:1198)
	at org.testng.TestNG.runSuitesLocally(TestNG.java:1123)
	at org.testng.TestNG.run(TestNG.java:1031)
	at org.testng.remote.AbstractRemoteTestNG.run(AbstractRemoteTestNG.java:132)
	at org.testng.remote.RemoteTestNG.initAndRun(RemoteTestNG.java:230)
	at org.testng.remote.RemoteTestNG.main(RemoteTestNG.java:76)
]]>
            </full-stacktrace>
          </exception> <!-- raysullivan.operation.AdException -->
          <reporter-output>
          </reporter-output>
        </test-method> <!-- validateVariableInvalid -->
        <test-method status="PASS" signature="validateVariableInvalid(java.lang.String, java.lang.String)[pri:0, instance:raysullivan.unitTest.TestAdVariable@46238e3f]" name="validateVariableInvalid" duration-ms="0" started-at="2017-07-06T10:45:32Z" description="validateVariableInvalid" data-provider="invalidVariableNames" finished-at="2017-07-06T10:45:32Z">
          <params>
            <param index="0">
              <value>
                <![CDATA[${}]]>
              </value>
            </param>
            <param index="1">
              <value>
                <![CDATA[${}]]>
              </value>
            </param>
          </params>
          <exception class="raysullivan.operation.AdException">
            <message>
              <![CDATA[Error: Variable name cannot be empty '${}']]>
            </message>
            <full-stacktrace>
              <![CDATA[raysullivan.operation.AdException: Error: Variable name cannot be empty '${}'
	at raysullivan.operation.AdVariable.checkEmptyVariable(AdVariable.java:62)
	at raysullivan.operation.AdVariable.validateVariableName(AdVariable.java:44)
	at raysullivan.unitTest.TestAdVariable.validateVariableInvalid(TestAdVariable.java:23)
	at sun.reflect.NativeMethodAccessorImpl.invoke0(Native Method)
	at sun.reflect.NativeMethodAccessorImpl.invoke(Unknown Source)
	at sun.reflect.DelegatingMethodAccessorImpl.invoke(Unknown Source)
	at java.lang.reflect.Method.invoke(Unknown Source)
	at org.testng.internal.MethodInvocationHelper.invokeMethod(MethodInvocationHelper.java:80)
	at org.testng.internal.Invoker.invokeMethod(Invoker.java:714)
[...]
	at org.testng.internal.MethodInvocationHelper.invokeMethod(MethodInvocationHelper.java:80)
	at org.testng.internal.Invoker.invokeMethod(Invoker.java:714)
	at org.testng.internal.Invoker.invokeTestMethod(Invoker.java:901)
	at org.testng.internal.Invoker.invokeTestMethods(Invoker.java:1231)
	at org.testng.internal.TestMethodWorker.invokeTestMethods(TestMethodWorker.java:127)
	at org.testng.internal.TestMethodWorker.run(TestMethodWorker.java:111)
	at org.testng.TestRunner.privateRun(TestRunner.java:767)
	at org.testng.TestRunner.run(TestRunner.java:617)
	at org.testng.SuiteRunner.runTest(SuiteRunner.java:334)
	at org.testng.SuiteRunner.runSequentially(SuiteRunner.java:329)
	at org.testng.SuiteRunner.privateRun(SuiteRunner.java:291)
	at org.testng.SuiteRunner.run(SuiteRunner.java:240)
	at org.testng.SuiteRunnerWorker.runSuite(SuiteRunnerWorker.java:52)
	at org.testng.SuiteRunnerWorker.run(SuiteRunnerWorker.java:86)
	at org.testng.TestNG.runSuitesSequentially(TestNG.java:1198)
	at org.testng.TestNG.runSuitesLocally(TestNG.java:1123)
	at org.testng.TestNG.run(TestNG.java:1031)
	at org.testng.remote.AbstractRemoteTestNG.run(AbstractRemoteTestNG.java:132)
	at org.testng.remote.RemoteTestNG.initAndRun(RemoteTestNG.java:230)
	at org.testng.remote.RemoteTestNG.main(RemoteTestNG.java:76)
]]>
            </full-stacktrace>
          </exception> <!-- raysullivan.operation.AdException -->
          <reporter-output>
          </reporter-output>
        </test-method> <!-- encryptStringExceptions -->
        <test-method status="PASS" signature="encryptStringExceptions(java.lang.String, java.lang.String)[pri:0, instance:raysullivan.unitTest.TestAdEncryptDecrypt@6cc7b4de]" name="encryptStringExceptions" duration-ms="2" started-at="2017-07-06T10:45:30Z" description="encryptStringExceptions" data-provider="encryptValuesExceptions" finished-at="2017-07-06T10:45:30Z">
          <params>
            <param index="0">
              <value>
                <![CDATA[Welcome2]]>
              </value>
            </param>
            <param index="1">
              <value>
                <![CDATA[]]>
              </value>
            </param>
          </params>
          <exception class="raysullivan.operation.AdException">
            <message>
              <![CDATA[IllegalArgumentException:  Encrypt/decrypt keystring cannot be null or blank]]>
            </message>
            <full-stacktrace>
              <![CDATA[raysullivan.operation.AdException: IllegalArgumentException:  Encrypt/decrypt keystring cannot be null or blank
	at raysullivan.operation.AdEncryptDecrypt.generateKey(AdEncryptDecrypt.java:17)
	at raysullivan.operation.AdEncryptDecrypt.decrypt(AdEncryptDecrypt.java:52)
	at raysullivan.unitTest.TestAdEncryptDecrypt.encryptStringExceptions(TestAdEncryptDecrypt.java:22)
	at sun.reflect.NativeMethodAccessorImpl.invoke0(Native Method)
	at sun.reflect.NativeMethodAccessorImpl.invoke(Unknown Source)
	at sun.reflect.DelegatingMethodAccessorImpl.invoke(Unknown Source)
	at java.lang.reflect.Method.invoke(Unknown Source)
	at org.testng.internal.MethodInvocationHelper.invokeMethod(MethodInvocationHelper.java:80)
	at org.testng.internal.Invoker.invokeMethod(Invoker.java:714)
	at org.testng.internal.Invoker.invokeTestMethod(Invoker.java:901)
	at org.testng.internal.Invoker.invokeTestMethods(Invoker.java:1231)
	at org.testng.internal.TestMethodWorker.invokeTestMethods(TestMethodWorker.java:127)
	at org.testng.internal.TestMethodWorker.run(TestMethodWorker.java:111)
	at org.testng.TestRunner.privateRun(TestRunner.java:767)
	at org.testng.TestRunner.run(TestRunner.java:617)
	at org.testng.SuiteRunner.runTest(SuiteRunner.java:334)
	at org.testng.SuiteRunner.runSequentially(SuiteRunner.java:329)
	at org.testng.SuiteRunner.privateRun(SuiteRunner.java:291)
	at org.testng.SuiteRunner.run(SuiteRunner.java:240)
	at org.testng.SuiteRunnerWorker.runSuite(SuiteRunnerWorker.java:52)
	at org.testng.SuiteRunnerWorker.run(SuiteRunnerWorker.java:86)
	at org.testng.TestNG.runSuitesSequentially(TestNG.java:1198)
	at org.testng.TestNG.runSuitesLocally(TestNG.java:1123)
	at org.testng.TestNG.run(TestNG.java:1031)
	at org.testng.remote.AbstractRemoteTestNG.run(AbstractRemoteTestNG.java:132)
	at org.testng.remote.RemoteTestNG.initAndRun(RemoteTestNG.java:230)
	at org.testng.remote.RemoteTestNG.main(RemoteTestNG.java:76)
]]>
            </full-stacktrace>
          </exception> <!-- raysullivan.operation.AdException -->
          <reporter-output>
          </reporter-output>
        </test-method> <!-- encryptStringExceptions -->
        <test-method status="PASS" signature="encryptStringExceptions(java.lang.String, java.lang.String)[pri:0, instance:raysullivan.unitTest.TestAdEncryptDecrypt@6cc7b4de]" name="encryptStringExceptions" duration-ms="1" started-at="2017-07-06T10:45:30Z" description="encryptStringExceptions" data-provider="encryptValuesExceptions" finished-at="2017-07-06T10:45:30Z">
          <params>
            <param index="0">
              <value>
                <![CDATA[]]>
              </value>
            </param>
            <param index="1">
              <value>
                <![CDATA[Happy Birthday]]>
              </value>
            </param>
          </params>
          <exception class="raysullivan.operation.AdException">
            <message>
              <![CDATA[InvalidKeyException:  Decrypt keystring must be 16 characters; keystring length of 14 is invalid.  Keystring: Happy Birthday]]>
            </message>
            <full-stacktrace>
              <![CDATA[raysullivan.operation.AdException: InvalidKeyException:  Decrypt keystring must be 16 characters; keystring length of 14 is invalid.  Keystring: Happy Birthday
	at raysullivan.operation.AdEncryptDecrypt.decrypt(AdEncryptDecrypt.java:58)
	at raysullivan.unitTest.TestAdEncryptDecrypt.encryptStringExceptions(TestAdEncryptDecrypt.java:22)
	at sun.reflect.NativeMethodAccessorImpl.invoke0(Native Method)
	at sun.reflect.NativeMethodAccessorImpl.invoke(Unknown Source)
	at sun.reflect.DelegatingMethodAccessorImpl.invoke(Unknown Source)
	at java.lang.reflect.Method.invoke(Unknown Source)
	at org.testng.internal.MethodInvocationHelper.invokeMethod(MethodInvocationHelper.java:80)
	at org.testng.internal.Invoker.invokeMethod(Invoker.java:714)
	at org.testng.internal.Invoker.invokeTestMethod(Invoker.java:901)
	at org.testng.internal.Invoker.invokeTestMethods(Invoker.java:1231)
	at org.testng.internal.TestMethodWorker.invokeTestMethods(TestMethodWorker.java:127)
	at org.testng.internal.TestMethodWorker.run(TestMethodWorker.java:111)
	at org.testng.TestRunner.privateRun(TestRunner.java:767)
	at org.testng.TestRunner.run(TestRunner.java:617)
	at org.testng.SuiteRunner.runTest(SuiteRunner.java:334)
	at org.testng.SuiteRunner.runSequentially(SuiteRunner.java:329)
	at org.testng.SuiteRunner.privateRun(SuiteRunner.java:291)
	at org.testng.SuiteRunner.run(SuiteRunner.java:240)
	at org.testng.SuiteRunnerWorker.runSuite(SuiteRunnerWorker.java:52)
	at org.testng.SuiteRunnerWorker.run(SuiteRunnerWorker.java:86)
	at org.testng.TestNG.runSuitesSequentially(TestNG.java:1198)
	at org.testng.TestNG.runSuitesLocally(TestNG.java:1123)
	at org.testng.TestNG.run(TestNG.java:1031)
	at org.testng.remote.AbstractRemoteTestNG.run(AbstractRemoteTestNG.java:132)
	at org.testng.remote.RemoteTestNG.initAndRun(RemoteTestNG.java:230)
	at org.testng.remote.RemoteTestNG.main(RemoteTestNG.java:76)
]]>
            </full-stacktrace>
          </exception> <!-- raysullivan.operation.AdException -->
          <reporter-output>
          </reporter-output>
        </test-method> <!-- encryptStringExceptions -->
        <test-method status="PASS" signature="encryptStringExceptions(java.lang.String, java.lang.String)[pri:0, instance:raysullivan.unitTest.TestAdEncryptDecrypt@6cc7b4de]" name="encryptStringExceptions" duration-ms="0" started-at="2017-07-06T10:45:30Z" description="encryptStringExceptions" data-provider="encryptValuesExceptions" finished-at="2017-07-06T10:45:30Z">
          <params>
            <param index="0">
              <value is-null="true"/>
            </param>
            <param index="1">
              <value is-null="true"/>
            </param>
          </params>
          <exception class="raysullivan.operation.AdException">
            <message>
              <![CDATA[NullPointerException:  Decrypt keystring cannot be null or blank]]>
            </message>
            <full-stacktrace>
              <![CDATA[raysullivan.operation.AdException: NullPointerException:  Decrypt keystring cannot be null or blank
	at raysullivan.operation.AdEncryptDecrypt.decrypt(AdEncryptDecrypt.java:56)
	at raysullivan.unitTest.TestAdEncryptDecrypt.encryptStringExceptions(TestAdEncryptDecrypt.java:22)
	at sun.reflect.NativeMethodAccessorImpl.invoke0(Native Method)
	at sun.reflect.NativeMethodAccessorImpl.invoke(Unknown Source)
	at sun.reflect.DelegatingMethodAccessorImpl.invoke(Unknown Source)
	at java.lang.reflect.Method.invoke(Unknown Source)
	at org.testng.internal.MethodInvocationHelper.invokeMethod(MethodInvocationHelper.java:80)
	at org.testng.internal.Invoker.invokeMethod(Invoker.java:714)
	at org.testng.internal.Invoker.invokeTestMethod(Invoker.java:901)
	at org.testng.internal.Invoker.invokeTestMethods(Invoker.java:1231)
	at org.testng.internal.TestMethodWorker.invokeTestMethods(TestMethodWorker.java:127)
	at org.testng.internal.TestMethodWorker.run(TestMethodWorker.java:111)
	at org.testng.TestRunner.privateRun(TestRunner.java:767)
	at org.testng.TestRunner.run(TestRunner.java:617)
	at org.testng.SuiteRunner.runTest(SuiteRunner.java:334)
	at org.testng.SuiteRunner.runSequentially(SuiteRunner.java:329)
	at org.testng.SuiteRunner.privateRun(SuiteRunner.java:291)
	at org.testng.SuiteRunner.run(SuiteRunner.java:240)
	at org.testng.SuiteRunnerWorker.runSuite(SuiteRunnerWorker.java:52)
	at org.testng.SuiteRunnerWorker.run(SuiteRunnerWorker.java:86)
	at org.testng.TestNG.runSuitesSequentially(TestNG.java:1198)
	at org.testng.TestNG.runSuitesLocally(TestNG.java:1123)
	at org.testng.TestNG.run(TestNG.java:1031)
	at org.testng.remote.AbstractRemoteTestNG.run(AbstractRemoteTestNG.java:132)
	at org.testng.remote.RemoteTestNG.initAndRun(RemoteTestNG.java:230)
	at org.testng.remote.RemoteTestNG.main(RemoteTestNG.java:76)
]]>
            </full-stacktrace>
          </exception> <!-- raysullivan.operation.AdException -->
          <reporter-output>
          </reporter-output>
        </test-method> <!-- encryptStringExceptions -->
        <test-method status="PASS" signature="encryptStringExceptions(java.lang.String, java.lang.String)[pri:0, instance:raysullivan.unitTest.TestAdEncryptDecrypt@6cc7b4de]" name="encryptStringExceptions" duration-ms="12" started-at="2017-07-06T10:45:30Z" description="encryptStringExceptions" data-provider="encryptValuesExceptions" finished-at="2017-07-06T10:45:30Z">
          <params>
            <param index="0">
              <value>
                <![CDATA[]]>
              </value>
            </param>
            <param index="1">
              <value>
                <![CDATA[]]>
              </value>
            </param>
          </params>
          <exception class="raysullivan.operation.AdException">
            <message>
              <![CDATA[IllegalArgumentException:  Encrypt/decrypt keystring cannot be null or blank]]>
            </message>
            <full-stacktrace>
              <![CDATA[raysullivan.operation.AdException: IllegalArgumentException:  Encrypt/decrypt keystring cannot be null or blank
	at raysullivan.operation.AdEncryptDecrypt.generateKey(AdEncryptDecrypt.java:17)
	at raysullivan.operation.AdEncryptDecrypt.decrypt(AdEncryptDecrypt.java:52)
	at raysullivan.unitTest.TestAdEncryptDecrypt.encryptStringExceptions(TestAdEncryptDecrypt.java:22)
	at sun.reflect.NativeMethodAccessorImpl.invoke0(Native Method)
	at sun.reflect.NativeMethodAccessorImpl.invoke(Unknown Source)
	at sun.reflect.DelegatingMethodAccessorImpl.invoke(Unknown Source)
	at java.lang.reflect.Method.invoke(Unknown Source)
	at org.testng.internal.MethodInvocationHelper.invokeMethod(MethodInvocationHelper.java:80)
	at org.testng.internal.Invoker.invokeMethod(Invoker.java:714)
	at org.testng.internal.Invoker.invokeTestMethod(Invoker.java:901)
	at org.testng.internal.Invoker.invokeTestMethods(Invoker.java:1231)
	at org.testng.internal.TestMethodWorker.invokeTestMethods(TestMethodWorker.java:127)
	at org.testng.internal.TestMethodWorker.run(TestMethodWorker.java:111)
	at org.testng.TestRunner.privateRun(TestRunner.java:767)
	at org.testng.TestRunner.run(TestRunner.java:617)
	at org.testng.SuiteRunner.runTest(SuiteRunner.java:334)
	at org.testng.SuiteRunner.runSequentially(SuiteRunner.java:329)
	at org.testng.SuiteRunner.privateRun(SuiteRunner.java:291)
	at org.testng.SuiteRunner.run(SuiteRunner.java:240)
	at org.testng.SuiteRunnerWorker.runSuite(SuiteRunnerWorker.java:52)
	at org.testng.SuiteRunnerWorker.run(SuiteRunnerWorker.java:86)
	at org.testng.TestNG.runSuitesSequentially(TestNG.java:1198)
	at org.testng.TestNG.runSuitesLocally(TestNG.java:1123)
	at org.testng.TestNG.run(TestNG.java:1031)
	at org.testng.remote.AbstractRemoteTestNG.run(AbstractRemoteTestNG.java:132)
	at org.testng.remote.RemoteTestNG.initAndRun(RemoteTestNG.java:230)
	at org.testng.remote.RemoteTestNG.main(RemoteTestNG.java:76)
]]>
            </full-stacktrace>
          </exception> <!-- raysullivan.operation.AdException -->
          <reporter-output>
          </reporter-output>
        </test-method> <!-- encryptStringExceptions -->
        <test-method status="PASS" signature="encryptStringExceptions(java.lang.String, java.lang.String)[pri:0, instance:raysullivan.unitTest.TestAdEncryptDecrypt@6cc7b4de]" name="encryptStringExceptions" duration-ms="1" started-at="2017-07-06T10:45:30Z" description="encryptStringExceptions" data-provider="encryptValuesExceptions" finished-at="2017-07-06T10:45:30Z">
          <params>
            <param index="0">
              <value>
                <![CDATA[Welcome2]]>
              </value>
            </param>
            <param index="1">
              <value>
                <![CDATA[CricketNational]]>
              </value>
            </param>
          </params>
          <exception class="raysullivan.operation.AdException">
            <message>
              <![CDATA[InvalidKeyException:  Decrypt keystring must be 16 characters; keystring length of 15 is invalid.  Keystring: CricketNational]]>
            </message>
            <full-stacktrace>
              <![CDATA[raysullivan.operation.AdException: InvalidKeyException:  Decrypt keystring must be 16 characters; keystring length of 15 is invalid.  Keystring: CricketNational
	at raysullivan.operation.AdEncryptDecrypt.decrypt(AdEncryptDecrypt.java:58)
	at raysullivan.unitTest.TestAdEncryptDecrypt.encryptStringExceptions(TestAdEncryptDecrypt.java:22)
	at sun.reflect.NativeMethodAccessorImpl.invoke0(Native Method)
	at sun.reflect.NativeMethodAccessorImpl.invoke(Unknown Source)
	at sun.reflect.DelegatingMethodAccessorImpl.invoke(Unknown Source)
	at java.lang.reflect.Method.invoke(Unknown Source)
	at org.testng.internal.MethodInvocationHelper.invokeMethod(MethodInvocationHelper.java:80)
	at org.testng.internal.Invoker.invokeMethod(Invoker.java:714)
	at org.testng.internal.Invoker.invokeTestMethod(Invoker.java:901)
	at org.testng.internal.Invoker.invokeTestMethods(Invoker.java:1231)
	at org.testng.internal.TestMethodWorker.invokeTestMethods(TestMethodWorker.java:127)
	at org.testng.internal.TestMethodWorker.run(TestMethodWorker.java:111)
	at org.testng.TestRunner.privateRun(TestRunner.java:767)
	at org.testng.TestRunner.run(TestRunner.java:617)
	at org.testng.SuiteRunner.runTest(SuiteRunner.java:334)
	at org.testng.SuiteRunner.runSequentially(SuiteRunner.java:329)
	at org.testng.SuiteRunner.privateRun(SuiteRunner.java:291)
	at org.testng.SuiteRunner.run(SuiteRunner.java:240)
	at org.testng.SuiteRunnerWorker.runSuite(SuiteRunnerWorker.java:52)
	at org.testng.SuiteRunnerWorker.run(SuiteRunnerWorker.java:86)
	at org.testng.TestNG.runSuitesSequentially(TestNG.java:1198)
	at org.testng.TestNG.runSuitesLocally(TestNG.java:1123)
	at org.testng.TestNG.run(TestNG.java:1031)
	at org.testng.remote.AbstractRemoteTestNG.run(AbstractRemoteTestNG.java:132)
	at org.testng.remote.RemoteTestNG.initAndRun(RemoteTestNG.java:230)
	at org.testng.remote.RemoteTestNG.main(RemoteTestNG.java:76)
]]>
            </full-stacktrace>
          </exception> <!-- raysullivan.operation.AdException -->
          <reporter-output>
          </reporter-output>
        </test-method> <!-- encryptStringExceptions -->
        <test-method status="PASS" signature="encryptStringExceptions(java.lang.String, java.lang.String)[pri:0, instance:raysullivan.unitTest.TestAdEncryptDecrypt@6cc7b4de]" name="encryptStringExceptions" duration-ms="1" started-at="2017-07-06T10:45:30Z" description="encryptStringExceptions" data-provider="encryptValuesExceptions" finished-at="2017-07-06T10:45:30Z">
          <params>
            <param index="0">
              <value>
                <![CDATA[Welcome2]]>
              </value>
            </param>
            <param index="1">
              <value>
                <![CDATA[BaseballNationalLeague]]>
              </value>
            </param>
          </params>
          <exception class="raysullivan.operation.AdException">
            <message>
              <![CDATA[InvalidKeyException:  Decrypt keystring must be 16 characters; keystring length of 22 is invalid.  Keystring: BaseballNationalLeague]]>
            </message>
            <full-stacktrace>
              <![CDATA[raysullivan.operation.AdException: InvalidKeyException:  Decrypt keystring must be 16 characters; keystring length of 22 is invalid.  Keystring: BaseballNationalLeague
	at raysullivan.operation.AdEncryptDecrypt.decrypt(AdEncryptDecrypt.java:58)
	at raysullivan.unitTest.TestAdEncryptDecrypt.encryptStringExceptions(TestAdEncryptDecrypt.java:22)
	at sun.reflect.NativeMethodAccessorImpl.invoke0(Native Method)
	at sun.reflect.NativeMethodAccessorImpl.invoke(Unknown Source)
	at sun.reflect.DelegatingMethodAccessorImpl.invoke(Unknown Source)
	at java.lang.reflect.Method.invoke(Unknown Source)
	at org.testng.internal.MethodInvocationHelper.invokeMethod(MethodInvocationHelper.java:80)
	at org.testng.internal.Invoker.invokeMethod(Invoker.java:714)
	at org.testng.internal.Invoker.invokeTestMethod(Invoker.java:901)
	at org.testng.internal.Invoker.invokeTestMethods(Invoker.java:1231)
	at org.testng.internal.TestMethodWorker.invokeTestMethods(TestMethodWorker.java:127)
	at org.testng.internal.TestMethodWorker.run(TestMethodWorker.java:111)
	at org.testng.TestRunner.privateRun(TestRunner.java:767)
	at org.testng.TestRunner.run(TestRunner.java:617)
	at org.testng.SuiteRunner.runTest(SuiteRunner.java:334)
	at org.testng.SuiteRunner.runSequentially(SuiteRunner.java:329)
	at org.testng.SuiteRunner.privateRun(SuiteRunner.java:291)
	at org.testng.SuiteRunner.run(SuiteRunner.java:240)
	at org.testng.SuiteRunnerWorker.runSuite(SuiteRunnerWorker.java:52)
	at org.testng.SuiteRunnerWorker.run(SuiteRunnerWorker.java:86)
	at org.testng.TestNG.runSuitesSequentially(TestNG.java:1198)
	at org.testng.TestNG.runSuitesLocally(TestNG.java:1123)
	at org.testng.TestNG.run(TestNG.java:1031)
	at org.testng.remote.AbstractRemoteTestNG.run(AbstractRemoteTestNG.java:132)
	at org.testng.remote.RemoteTestNG.initAndRun(RemoteTestNG.java:230)
	at org.testng.remote.RemoteTestNG.main(RemoteTestNG.java:76)
]]>
            </full-stacktrace>
          </exception> <!-- raysullivan.operation.AdException -->
          <reporter-output>
          </reporter-output>
        </test-method> <!-- encryptStringExceptions -->
      </class> <!-- raysullivan.unitTest.TestAdEncryptDecrypt -->
    </test> <!-- Driver Test -->
  </suite> <!-- Automation Driver Test Suite -->
</testng-results>
